<?xml version="1.0" ?>
<coverage version="7.11.0" timestamp="1760734274521" lines-valid="274" lines-covered="164" line-rate="0.5985" branches-covered="0" branches-valid="0" branch-rate="0" complexity="0">
	<!-- Generated by coverage.py: https://coverage.readthedocs.io/en/7.11.0 -->
	<!-- Based on https://raw.githubusercontent.com/cobertura/web/master/htdocs/xml/coverage-04.dtd -->
	<sources>
		<source>C:\workstashion\eda-aiminds-i2a2-rb\src\security</source>
	</sources>
	<packages>
		<package name="." line-rate="0.5985" branch-rate="0" complexity="0">
			<classes>
				<class name="__init__.py" filename="__init__.py" complexity="0" line-rate="1" branch-rate="0">
					<methods/>
					<lines>
						<line number="7" hits="1"/>
						<line number="9" hits="1"/>
					</lines>
				</class>
				<class name="sandbox.py" filename="sandbox.py" complexity="0" line-rate="0.5956" branch-rate="0">
					<methods/>
					<lines>
						<line number="68" hits="1"/>
						<line number="69" hits="1"/>
						<line number="70" hits="1"/>
						<line number="71" hits="1"/>
						<line number="72" hits="1"/>
						<line number="73" hits="1"/>
						<line number="74" hits="1"/>
						<line number="77" hits="1"/>
						<line number="78" hits="1"/>
						<line number="79" hits="0"/>
						<line number="80" hits="1"/>
						<line number="81" hits="1"/>
						<line number="82" hits="1"/>
						<line number="85" hits="1"/>
						<line number="86" hits="1"/>
						<line number="87" hits="1"/>
						<line number="88" hits="0"/>
						<line number="89" hits="0"/>
						<line number="90" hits="0"/>
						<line number="93" hits="1"/>
						<line number="94" hits="1"/>
						<line number="95" hits="1"/>
						<line number="101" hits="1"/>
						<line number="102" hits="1"/>
						<line number="103" hits="1"/>
						<line number="104" hits="0"/>
						<line number="105" hits="0"/>
						<line number="106" hits="0"/>
						<line number="107" hits="0"/>
						<line number="108" hits="0"/>
						<line number="109" hits="0"/>
						<line number="111" hits="1"/>
						<line number="119" hits="1"/>
						<line number="134" hits="1"/>
						<line number="153" hits="1"/>
						<line number="172" hits="1"/>
						<line number="173" hits="1"/>
						<line number="174" hits="1"/>
						<line number="181" hits="1"/>
						<line number="183" hits="1"/>
						<line number="186" hits="1"/>
						<line number="188" hits="1"/>
						<line number="191" hits="1"/>
						<line number="193" hits="1"/>
						<line number="196" hits="1"/>
						<line number="198" hits="1"/>
						<line number="205" hits="1"/>
						<line number="207" hits="1"/>
						<line number="210" hits="1"/>
						<line number="212" hits="0"/>
						<line number="215" hits="1"/>
						<line number="216" hits="1"/>
						<line number="224" hits="1"/>
						<line number="225" hits="1"/>
						<line number="226" hits="0"/>
						<line number="227" hits="0"/>
						<line number="228" hits="0"/>
						<line number="230" hits="0"/>
						<line number="231" hits="0"/>
						<line number="232" hits="1"/>
						<line number="235" hits="1"/>
						<line number="242" hits="1"/>
						<line number="244" hits="1"/>
						<line number="247" hits="1"/>
						<line number="260" hits="0"/>
						<line number="261" hits="0"/>
						<line number="263" hits="0"/>
						<line number="265" hits="0"/>
						<line number="267" hits="0"/>
						<line number="271" hits="0"/>
						<line number="273" hits="0"/>
						<line number="274" hits="0"/>
						<line number="276" hits="0"/>
						<line number="277" hits="0"/>
						<line number="278" hits="0"/>
						<line number="279" hits="0"/>
						<line number="280" hits="0"/>
						<line number="281" hits="0"/>
						<line number="284" hits="1"/>
						<line number="291" hits="1"/>
						<line number="294" hits="1"/>
						<line number="295" hits="1"/>
						<line number="296" hits="1"/>
						<line number="297" hits="1"/>
						<line number="299" hits="1"/>
						<line number="300" hits="0"/>
						<line number="301" hits="0"/>
						<line number="304" hits="0"/>
						<line number="305" hits="0"/>
						<line number="306" hits="0"/>
						<line number="308" hits="0"/>
						<line number="309" hits="0"/>
						<line number="310" hits="0"/>
						<line number="312" hits="0"/>
						<line number="313" hits="0"/>
						<line number="314" hits="0"/>
						<line number="316" hits="0"/>
						<line number="319" hits="1"/>
						<line number="320" hits="1"/>
						<line number="338" hits="1"/>
						<line number="341" hits="1"/>
						<line number="342" hits="0"/>
						<line number="343" hits="0"/>
						<line number="346" hits="1"/>
						<line number="347" hits="1"/>
						<line number="349" hits="1"/>
						<line number="353" hits="1"/>
						<line number="354" hits="0"/>
						<line number="356" hits="0"/>
						<line number="359" hits="0"/>
						<line number="361" hits="0"/>
						<line number="362" hits="0"/>
						<line number="364" hits="0"/>
						<line number="365" hits="0"/>
						<line number="366" hits="0"/>
						<line number="367" hits="0"/>
						<line number="368" hits="0"/>
						<line number="374" hits="1"/>
						<line number="375" hits="1"/>
						<line number="378" hits="1"/>
						<line number="382" hits="1"/>
						<line number="383" hits="0"/>
						<line number="384" hits="0"/>
						<line number="385" hits="0"/>
						<line number="386" hits="0"/>
						<line number="387" hits="0"/>
						<line number="390" hits="1"/>
						<line number="405" hits="1"/>
						<line number="406" hits="1"/>
						<line number="408" hits="1"/>
						<line number="409" hits="0"/>
						<line number="412" hits="1"/>
						<line number="413" hits="1"/>
						<line number="415" hits="1"/>
						<line number="416" hits="0"/>
						<line number="417" hits="0"/>
						<line number="423" hits="0"/>
						<line number="424" hits="0"/>
						<line number="425" hits="0"/>
						<line number="434" hits="1"/>
						<line number="444" hits="1"/>
						<line number="447" hits="1"/>
						<line number="448" hits="1"/>
						<line number="449" hits="1"/>
						<line number="452" hits="1"/>
						<line number="453" hits="1"/>
						<line number="454" hits="0"/>
						<line number="455" hits="0"/>
						<line number="458" hits="1"/>
						<line number="459" hits="1"/>
						<line number="466" hits="1"/>
						<line number="473" hits="1"/>
						<line number="522" hits="1"/>
						<line number="529" hits="1"/>
						<line number="569" hits="1"/>
						<line number="572" hits="1"/>
						<line number="573" hits="0"/>
						<line number="574" hits="0"/>
						<line number="575" hits="0"/>
						<line number="586" hits="1"/>
						<line number="587" hits="0"/>
						<line number="590" hits="1"/>
						<line number="591" hits="1"/>
						<line number="593" hits="1"/>
						<line number="597" hits="1"/>
						<line number="598" hits="1"/>
						<line number="600" hits="1"/>
						<line number="601" hits="1"/>
						<line number="606" hits="1"/>
						<line number="608" hits="1"/>
						<line number="609" hits="1"/>
						<line number="610" hits="1"/>
						<line number="611" hits="1"/>
						<line number="622" hits="1"/>
						<line number="627" hits="1"/>
						<line number="628" hits="1"/>
						<line number="631" hits="1"/>
						<line number="632" hits="1"/>
						<line number="633" hits="1"/>
						<line number="634" hits="1"/>
						<line number="637" hits="1"/>
						<line number="642" hits="1"/>
						<line number="643" hits="1"/>
						<line number="646" hits="1"/>
						<line number="648" hits="1"/>
						<line number="649" hits="1"/>
						<line number="650" hits="1"/>
						<line number="652" hits="1"/>
						<line number="653" hits="0"/>
						<line number="654" hits="1"/>
						<line number="655" hits="1"/>
						<line number="657" hits="0"/>
						<line number="659" hits="0"/>
						<line number="660" hits="0"/>
						<line number="665" hits="1"/>
						<line number="666" hits="1"/>
						<line number="669" hits="1"/>
						<line number="670" hits="1"/>
						<line number="671" hits="1"/>
						<line number="673" hits="1"/>
						<line number="675" hits="1"/>
						<line number="676" hits="1"/>
						<line number="677" hits="1"/>
						<line number="681" hits="1"/>
						<line number="682" hits="1"/>
						<line number="684" hits="1"/>
						<line number="685" hits="0"/>
						<line number="686" hits="0"/>
						<line number="687" hits="0"/>
						<line number="688" hits="0"/>
						<line number="697" hits="1"/>
						<line number="698" hits="0"/>
						<line number="699" hits="0"/>
						<line number="700" hits="0"/>
						<line number="701" hits="0"/>
						<line number="704" hits="0"/>
						<line number="705" hits="0"/>
						<line number="706" hits="0"/>
						<line number="707" hits="0"/>
						<line number="708" hits="0"/>
						<line number="709" hits="0"/>
						<line number="711" hits="0"/>
						<line number="720" hits="1"/>
						<line number="722" hits="0"/>
						<line number="723" hits="0"/>
						<line number="724" hits="0"/>
						<line number="725" hits="0"/>
						<line number="727" hits="0"/>
						<line number="737" hits="1"/>
						<line number="738" hits="1"/>
						<line number="739" hits="1"/>
						<line number="740" hits="1"/>
						<line number="741" hits="1"/>
						<line number="742" hits="1"/>
						<line number="744" hits="1"/>
						<line number="749" hits="1"/>
						<line number="751" hits="1"/>
						<line number="752" hits="1"/>
						<line number="753" hits="1"/>
						<line number="755" hits="1"/>
						<line number="761" hits="1"/>
						<line number="763" hits="1"/>
						<line number="764" hits="1"/>
						<line number="766" hits="1"/>
						<line number="775" hits="1"/>
						<line number="777" hits="1"/>
						<line number="778" hits="1"/>
						<line number="779" hits="1"/>
						<line number="780" hits="1"/>
						<line number="789" hits="1"/>
						<line number="791" hits="1"/>
						<line number="792" hits="1"/>
						<line number="793" hits="1"/>
						<line number="794" hits="1"/>
						<line number="796" hits="1"/>
						<line number="811" hits="1"/>
						<line number="824" hits="0"/>
						<line number="825" hits="0"/>
						<line number="828" hits="0"/>
						<line number="829" hits="0"/>
						<line number="830" hits="0"/>
						<line number="833" hits="0"/>
						<line number="834" hits="0"/>
						<line number="835" hits="0"/>
						<line number="838" hits="0"/>
						<line number="839" hits="0"/>
						<line number="840" hits="0"/>
						<line number="841" hits="0"/>
						<line number="843" hits="0"/>
						<line number="845" hits="0"/>
						<line number="852" hits="1"/>
						<line number="859" hits="0"/>
					</lines>
				</class>
			</classes>
		</package>
	</packages>
</coverage>
