2025-10-17 17:50:38 [    INFO] [sandbox.py:597] 🔒 Compilando código em modo restrito...
2025-10-17 17:50:38 [   DEBUG] [sandbox.py:627] 🔧 Preparando ambiente de execução...
2025-10-17 17:50:38 [   DEBUG] [sandbox.py:649] ⚙️ Limites: timeout=10s, memory=200MB
2025-10-17 17:50:38 [    INFO] [sandbox.py:665] ▶️ Executando código no sandbox...
2025-10-17 17:50:38 [    INFO] [sandbox.py:374] 🔒 Limite de memória SOFT via monitoramento: 200MB (Windows/Fallback)
2025-10-17 17:50:38 [ WARNING] [sandbox.py:752] ⚠️ Variável 'resultado' não encontrada no namespace
2025-10-17 17:50:38 [    INFO] [sandbox.py:763] ✅ Sandbox executado com sucesso em 5.00ms
2025-10-17 17:50:38 [    INFO] [sandbox.py:597] 🔒 Compilando código em modo restrito...
2025-10-17 17:50:38 [   DEBUG] [sandbox.py:627] 🔧 Preparando ambiente de execução...
2025-10-17 17:50:38 [   DEBUG] [sandbox.py:649] ⚙️ Limites: timeout=10s, memory=200MB
2025-10-17 17:50:38 [    INFO] [sandbox.py:665] ▶️ Executando código no sandbox...
2025-10-17 17:50:38 [    INFO] [sandbox.py:374] 🔒 Limite de memória SOFT via monitoramento: 200MB (Windows/Fallback)
2025-10-17 17:50:38 [ WARNING] [sandbox.py:752] ⚠️ Variável 'resultado' não encontrada no namespace
2025-10-17 17:50:38 [    INFO] [sandbox.py:763] ✅ Sandbox executado com sucesso em 4.00ms
2025-10-17 17:50:38 [    INFO] [sandbox.py:597] 🔒 Compilando código em modo restrito...
2025-10-17 17:50:38 [   ERROR] [sandbox.py:609] ❌ Erro de compilação (código restrito): ("Line 2: SyntaxError: '(' was never closed at statement: 'def foo('",)
2025-10-17 17:50:38 [    INFO] [sandbox.py:597] 🔒 Compilando código em modo restrito...
2025-10-17 17:50:38 [   DEBUG] [sandbox.py:627] 🔧 Preparando ambiente de execução...
2025-10-17 17:50:38 [   DEBUG] [sandbox.py:649] ⚙️ Limites: timeout=10s, memory=200MB
2025-10-17 17:50:38 [    INFO] [sandbox.py:665] ▶️ Executando código no sandbox...
2025-10-17 17:50:38 [    INFO] [sandbox.py:374] 🔒 Limite de memória SOFT via monitoramento: 200MB (Windows/Fallback)
2025-10-17 17:50:38 [ WARNING] [sandbox.py:752] ⚠️ Variável 'resultado' não encontrada no namespace
2025-10-17 17:50:38 [    INFO] [sandbox.py:763] ✅ Sandbox executado com sucesso em 3.00ms
2025-10-17 17:50:38 [    INFO] [sandbox.py:597] 🔒 Compilando código em modo restrito...
2025-10-17 17:50:38 [   DEBUG] [sandbox.py:627] 🔧 Preparando ambiente de execução...
2025-10-17 17:50:38 [   DEBUG] [sandbox.py:649] ⚙️ Limites: timeout=10s, memory=200MB
2025-10-17 17:50:38 [    INFO] [sandbox.py:665] ▶️ Executando código no sandbox...
2025-10-17 17:50:38 [    INFO] [sandbox.py:374] 🔒 Limite de memória SOFT via monitoramento: 200MB (Windows/Fallback)
2025-10-17 17:50:38 [    INFO] [sandbox.py:763] ✅ Sandbox executado com sucesso em 3.96ms
2025-10-17 17:50:38 [    INFO] [sandbox.py:597] 🔒 Compilando código em modo restrito...
2025-10-17 17:50:38 [   DEBUG] [sandbox.py:627] 🔧 Preparando ambiente de execução...
2025-10-17 17:50:38 [   DEBUG] [sandbox.py:632] 🔧 Injetando 1 variável(is) customizada(s)
2025-10-17 17:50:38 [   DEBUG] [sandbox.py:649] ⚙️ Limites: timeout=10s, memory=200MB
2025-10-17 17:50:38 [    INFO] [sandbox.py:665] ▶️ Executando código no sandbox...
2025-10-17 17:50:38 [    INFO] [sandbox.py:374] 🔒 Limite de memória SOFT via monitoramento: 200MB (Windows/Fallback)
2025-10-17 17:50:38 [    INFO] [sandbox.py:763] ✅ Sandbox executado com sucesso em 1.98ms
2025-10-17 17:50:38 [    INFO] [sandbox.py:597] 🔒 Compilando código em modo restrito...
2025-10-17 17:50:38 [   DEBUG] [sandbox.py:627] 🔧 Preparando ambiente de execução...
2025-10-17 17:50:38 [   DEBUG] [sandbox.py:649] ⚙️ Limites: timeout=10s, memory=200MB
2025-10-17 17:50:38 [    INFO] [sandbox.py:665] ▶️ Executando código no sandbox...
2025-10-17 17:50:38 [    INFO] [sandbox.py:374] 🔒 Limite de memória SOFT via monitoramento: 200MB (Windows/Fallback)
2025-10-17 17:50:38 [ WARNING] [sandbox.py:752] ⚠️ Variável 'resultado' não encontrada no namespace
2025-10-17 17:50:38 [    INFO] [sandbox.py:763] ✅ Sandbox executado com sucesso em 4.00ms
2025-10-17 17:50:38 [    INFO] [sandbox.py:597] 🔒 Compilando código em modo restrito...
2025-10-17 17:50:38 [   DEBUG] [sandbox.py:627] 🔧 Preparando ambiente de execução...
2025-10-17 17:50:38 [   DEBUG] [sandbox.py:649] ⚙️ Limites: timeout=10s, memory=200MB
2025-10-17 17:50:38 [    INFO] [sandbox.py:665] ▶️ Executando código no sandbox...
2025-10-17 17:50:38 [    INFO] [sandbox.py:374] 🔒 Limite de memória SOFT via monitoramento: 200MB (Windows/Fallback)
2025-10-17 17:50:38 [    INFO] [sandbox.py:763] ✅ Sandbox executado com sucesso em 2.99ms
2025-10-17 17:50:38 [    INFO] [sandbox.py:597] 🔒 Compilando código em modo restrito...
2025-10-17 17:50:38 [   DEBUG] [sandbox.py:627] 🔧 Preparando ambiente de execução...
2025-10-17 17:50:38 [   DEBUG] [sandbox.py:649] ⚙️ Limites: timeout=10s, memory=200MB
2025-10-17 17:50:38 [    INFO] [sandbox.py:665] ▶️ Executando código no sandbox...
2025-10-17 17:50:38 [    INFO] [sandbox.py:374] 🔒 Limite de memória SOFT via monitoramento: 200MB (Windows/Fallback)
2025-10-17 17:50:38 [    INFO] [sandbox.py:763] ✅ Sandbox executado com sucesso em 2.00ms
2025-10-17 17:50:38 [    INFO] [sandbox.py:597] 🔒 Compilando código em modo restrito...
2025-10-17 17:50:38 [   DEBUG] [sandbox.py:627] 🔧 Preparando ambiente de execução...
2025-10-17 17:50:38 [   DEBUG] [sandbox.py:649] ⚙️ Limites: timeout=10s, memory=200MB
2025-10-17 17:50:38 [    INFO] [sandbox.py:665] ▶️ Executando código no sandbox...
2025-10-17 17:50:38 [    INFO] [sandbox.py:374] 🔒 Limite de memória SOFT via monitoramento: 200MB (Windows/Fallback)
2025-10-17 17:50:38 [    INFO] [sandbox.py:763] ✅ Sandbox executado com sucesso em 2.00ms
2025-10-17 17:50:38 [    INFO] [sandbox.py:597] 🔒 Compilando código em modo restrito...
2025-10-17 17:50:38 [   DEBUG] [sandbox.py:627] 🔧 Preparando ambiente de execução...
2025-10-17 17:50:38 [   DEBUG] [sandbox.py:649] ⚙️ Limites: timeout=5s, memory=200MB
2025-10-17 17:50:38 [    INFO] [sandbox.py:665] ▶️ Executando código no sandbox...
2025-10-17 17:50:38 [    INFO] [sandbox.py:374] 🔒 Limite de memória SOFT via monitoramento: 200MB (Windows/Fallback)
2025-10-17 17:50:38 [    INFO] [sandbox.py:763] ✅ Sandbox executado com sucesso em 1.99ms
2025-10-17 17:50:38 [    INFO] [sandbox.py:597] 🔒 Compilando código em modo restrito...
2025-10-17 17:50:38 [   DEBUG] [sandbox.py:627] 🔧 Preparando ambiente de execução...
2025-10-17 17:50:38 [   DEBUG] [sandbox.py:649] ⚙️ Limites: timeout=10s, memory=100MB
2025-10-17 17:50:38 [    INFO] [sandbox.py:665] ▶️ Executando código no sandbox...
2025-10-17 17:50:38 [    INFO] [sandbox.py:374] 🔒 Limite de memória SOFT via monitoramento: 100MB (Windows/Fallback)
2025-10-17 17:50:38 [   DEBUG] [sandbox.py:458] ✅ Import permitido: pandas
2025-10-17 17:50:38 [    INFO] [sandbox.py:763] ✅ Sandbox executado com sucesso em 4.00ms
2025-10-17 17:50:38 [    INFO] [sandbox.py:597] 🔒 Compilando código em modo restrito...
2025-10-17 17:50:38 [   DEBUG] [sandbox.py:627] 🔧 Preparando ambiente de execução...
2025-10-17 17:50:38 [   DEBUG] [sandbox.py:649] ⚙️ Limites: timeout=10s, memory=200MB
2025-10-17 17:50:38 [    INFO] [sandbox.py:665] ▶️ Executando código no sandbox...
2025-10-17 17:50:38 [    INFO] [sandbox.py:374] 🔒 Limite de memória SOFT via monitoramento: 200MB (Windows/Fallback)
2025-10-17 17:50:38 [   ERROR] [sandbox.py:793] ❌ Erro durante execução: NameError: name 'ZeroDivisionError' is not defined
Traceback (most recent call last):
  File "C:\workstashion\eda-aiminds-i2a2-rb\src\security\sandbox.py", line 225, in execution_timeout
    old_handler = signal.signal(signal.SIGALRM, timeout_handler)
                                ^^^^^^^^^^^^^^
AttributeError: module 'signal' has no attribute 'SIGALRM'. Did you mean: 'SIGABRT'?

During handling of the above exception, another exception occurred:

Traceback (most recent call last):
  File "C:\workstashion\eda-aiminds-i2a2-rb\src\security\sandbox.py", line 677, in execute_in_sandbox
    exec(byte_code, safe_env, local_namespace)
  File "<sandbox>", line 4, in <module>
NameError: name 'ZeroDivisionError' is not defined

2025-10-17 17:50:38 [    INFO] [sandbox.py:597] 🔒 Compilando código em modo restrito...
2025-10-17 17:50:38 [   DEBUG] [sandbox.py:627] 🔧 Preparando ambiente de execução...
2025-10-17 17:50:38 [   DEBUG] [sandbox.py:649] ⚙️ Limites: timeout=10s, memory=200MB
2025-10-17 17:50:38 [    INFO] [sandbox.py:665] ▶️ Executando código no sandbox...
2025-10-17 17:50:38 [    INFO] [sandbox.py:374] 🔒 Limite de memória SOFT via monitoramento: 200MB (Windows/Fallback)
2025-10-17 17:50:38 [   ERROR] [sandbox.py:793] ❌ Erro durante execução: ZeroDivisionError: division by zero
Traceback (most recent call last):
  File "C:\workstashion\eda-aiminds-i2a2-rb\src\security\sandbox.py", line 225, in execution_timeout
    old_handler = signal.signal(signal.SIGALRM, timeout_handler)
                                ^^^^^^^^^^^^^^
AttributeError: module 'signal' has no attribute 'SIGALRM'. Did you mean: 'SIGABRT'?

During handling of the above exception, another exception occurred:

Traceback (most recent call last):
  File "C:\workstashion\eda-aiminds-i2a2-rb\src\security\sandbox.py", line 677, in execute_in_sandbox
    exec(byte_code, safe_env, local_namespace)
  File "<sandbox>", line 2, in <module>
ZeroDivisionError: division by zero

2025-10-17 17:50:38 [    INFO] [sandbox.py:597] 🔒 Compilando código em modo restrito...
2025-10-17 17:50:38 [   DEBUG] [sandbox.py:627] 🔧 Preparando ambiente de execução...
2025-10-17 17:50:38 [   DEBUG] [sandbox.py:649] ⚙️ Limites: timeout=10s, memory=200MB
2025-10-17 17:50:38 [    INFO] [sandbox.py:665] ▶️ Executando código no sandbox...
2025-10-17 17:50:38 [    INFO] [sandbox.py:374] 🔒 Limite de memória SOFT via monitoramento: 200MB (Windows/Fallback)
2025-10-17 17:50:38 [   ERROR] [sandbox.py:793] ❌ Erro durante execução: IndexError: list index out of range
Traceback (most recent call last):
  File "C:\workstashion\eda-aiminds-i2a2-rb\src\security\sandbox.py", line 225, in execution_timeout
    old_handler = signal.signal(signal.SIGALRM, timeout_handler)
                                ^^^^^^^^^^^^^^
AttributeError: module 'signal' has no attribute 'SIGALRM'. Did you mean: 'SIGABRT'?

During handling of the above exception, another exception occurred:

Traceback (most recent call last):
  File "C:\workstashion\eda-aiminds-i2a2-rb\src\security\sandbox.py", line 677, in execute_in_sandbox
    exec(byte_code, safe_env, local_namespace)
  File "<sandbox>", line 3, in <module>
  File "C:\Python312\Lib\site-packages\RestrictedPython\Eval.py", line 28, in default_guarded_getitem
    return ob[index]
           ~~^^^^^^^
IndexError: list index out of range

2025-10-17 17:50:38 [    INFO] [sandbox.py:597] 🔒 Compilando código em modo restrito...
2025-10-17 17:50:38 [   DEBUG] [sandbox.py:627] 🔧 Preparando ambiente de execução...
2025-10-17 17:50:38 [   DEBUG] [sandbox.py:649] ⚙️ Limites: timeout=10s, memory=200MB
2025-10-17 17:50:38 [    INFO] [sandbox.py:665] ▶️ Executando código no sandbox...
2025-10-17 17:50:38 [    INFO] [sandbox.py:374] 🔒 Limite de memória SOFT via monitoramento: 200MB (Windows/Fallback)
2025-10-17 17:50:38 [   ERROR] [sandbox.py:793] ❌ Erro durante execução: KeyError: 'c'
Traceback (most recent call last):
  File "C:\workstashion\eda-aiminds-i2a2-rb\src\security\sandbox.py", line 225, in execution_timeout
    old_handler = signal.signal(signal.SIGALRM, timeout_handler)
                                ^^^^^^^^^^^^^^
AttributeError: module 'signal' has no attribute 'SIGALRM'. Did you mean: 'SIGABRT'?

During handling of the above exception, another exception occurred:

Traceback (most recent call last):
  File "C:\workstashion\eda-aiminds-i2a2-rb\src\security\sandbox.py", line 677, in execute_in_sandbox
    exec(byte_code, safe_env, local_namespace)
  File "<sandbox>", line 3, in <module>
  File "C:\Python312\Lib\site-packages\RestrictedPython\Eval.py", line 28, in default_guarded_getitem
    return ob[index]
           ~~^^^^^^^
KeyError: 'c'

2025-10-17 17:50:38 [    INFO] [sandbox.py:597] 🔒 Compilando código em modo restrito...
2025-10-17 17:50:38 [   DEBUG] [sandbox.py:627] 🔧 Preparando ambiente de execução...
2025-10-17 17:50:38 [   DEBUG] [sandbox.py:649] ⚙️ Limites: timeout=5s, memory=100MB
2025-10-17 17:50:38 [    INFO] [sandbox.py:665] ▶️ Executando código no sandbox...
2025-10-17 17:50:38 [    INFO] [sandbox.py:374] 🔒 Limite de memória SOFT via monitoramento: 100MB (Windows/Fallback)
2025-10-17 17:50:38 [   DEBUG] [sandbox.py:458] ✅ Import permitido: pandas
2025-10-17 17:50:38 [    INFO] [sandbox.py:763] ✅ Sandbox executado com sucesso em 8.01ms
2025-10-17 17:50:38 [    INFO] [sandbox.py:597] 🔒 Compilando código em modo restrito...
2025-10-17 17:50:38 [   DEBUG] [sandbox.py:627] 🔧 Preparando ambiente de execução...
2025-10-17 17:50:38 [   DEBUG] [sandbox.py:649] ⚙️ Limites: timeout=10s, memory=200MB
2025-10-17 17:50:38 [    INFO] [sandbox.py:665] ▶️ Executando código no sandbox...
2025-10-17 17:50:38 [    INFO] [sandbox.py:374] 🔒 Limite de memória SOFT via monitoramento: 200MB (Windows/Fallback)
2025-10-17 17:50:38 [    INFO] [sandbox.py:763] ✅ Sandbox executado com sucesso em 4.00ms
2025-10-17 17:50:38 [    INFO] [sandbox.py:597] 🔒 Compilando código em modo restrito...
2025-10-17 17:50:38 [   DEBUG] [sandbox.py:627] 🔧 Preparando ambiente de execução...
2025-10-17 17:50:38 [   DEBUG] [sandbox.py:649] ⚙️ Limites: timeout=10s, memory=200MB
2025-10-17 17:50:38 [    INFO] [sandbox.py:665] ▶️ Executando código no sandbox...
2025-10-17 17:50:38 [    INFO] [sandbox.py:374] 🔒 Limite de memória SOFT via monitoramento: 200MB (Windows/Fallback)
2025-10-17 17:50:38 [    INFO] [sandbox.py:763] ✅ Sandbox executado com sucesso em 2.99ms
2025-10-17 17:50:38 [    INFO] [sandbox.py:597] 🔒 Compilando código em modo restrito...
2025-10-17 17:50:38 [   DEBUG] [sandbox.py:627] 🔧 Preparando ambiente de execução...
2025-10-17 17:50:38 [   DEBUG] [sandbox.py:649] ⚙️ Limites: timeout=10s, memory=200MB
2025-10-17 17:50:38 [    INFO] [sandbox.py:665] ▶️ Executando código no sandbox...
2025-10-17 17:50:38 [    INFO] [sandbox.py:374] 🔒 Limite de memória SOFT via monitoramento: 200MB (Windows/Fallback)
2025-10-17 17:50:38 [    INFO] [sandbox.py:763] ✅ Sandbox executado com sucesso em 2.01ms
2025-10-17 17:50:38 [    INFO] [sandbox.py:597] 🔒 Compilando código em modo restrito...
2025-10-17 17:50:38 [   DEBUG] [sandbox.py:627] 🔧 Preparando ambiente de execução...
2025-10-17 17:50:38 [   DEBUG] [sandbox.py:649] ⚙️ Limites: timeout=10s, memory=200MB
2025-10-17 17:50:38 [    INFO] [sandbox.py:665] ▶️ Executando código no sandbox...
2025-10-17 17:50:38 [    INFO] [sandbox.py:374] 🔒 Limite de memória SOFT via monitoramento: 200MB (Windows/Fallback)
2025-10-17 17:50:38 [    INFO] [sandbox.py:763] ✅ Sandbox executado com sucesso em 2.00ms
2025-10-17 17:50:38 [    INFO] [sandbox.py:597] 🔒 Compilando código em modo restrito...
2025-10-17 17:50:38 [   DEBUG] [sandbox.py:627] 🔧 Preparando ambiente de execução...
2025-10-17 17:50:38 [   DEBUG] [sandbox.py:649] ⚙️ Limites: timeout=10s, memory=200MB
2025-10-17 17:50:38 [    INFO] [sandbox.py:665] ▶️ Executando código no sandbox...
2025-10-17 17:50:38 [    INFO] [sandbox.py:374] 🔒 Limite de memória SOFT via monitoramento: 200MB (Windows/Fallback)
2025-10-17 17:50:38 [    INFO] [sandbox.py:763] ✅ Sandbox executado com sucesso em 2.01ms
2025-10-17 17:50:38 [    INFO] [sandbox.py:597] 🔒 Compilando código em modo restrito...
2025-10-17 17:50:38 [   DEBUG] [sandbox.py:627] 🔧 Preparando ambiente de execução...
2025-10-17 17:50:38 [   DEBUG] [sandbox.py:649] ⚙️ Limites: timeout=10s, memory=200MB
2025-10-17 17:50:38 [    INFO] [sandbox.py:665] ▶️ Executando código no sandbox...
2025-10-17 17:50:38 [    INFO] [sandbox.py:374] 🔒 Limite de memória SOFT via monitoramento: 200MB (Windows/Fallback)
2025-10-17 17:50:38 [    INFO] [sandbox.py:763] ✅ Sandbox executado com sucesso em 2.00ms
2025-10-17 17:50:38 [    INFO] [sandbox.py:597] 🔒 Compilando código em modo restrito...
2025-10-17 17:50:38 [   DEBUG] [sandbox.py:627] 🔧 Preparando ambiente de execução...
2025-10-17 17:50:38 [   DEBUG] [sandbox.py:649] ⚙️ Limites: timeout=10s, memory=200MB
2025-10-17 17:50:38 [    INFO] [sandbox.py:665] ▶️ Executando código no sandbox...
2025-10-17 17:50:38 [    INFO] [sandbox.py:374] 🔒 Limite de memória SOFT via monitoramento: 200MB (Windows/Fallback)
2025-10-17 17:50:38 [    INFO] [sandbox.py:763] ✅ Sandbox executado com sucesso em 2.00ms
2025-10-17 17:50:38 [    INFO] [sandbox.py:597] 🔒 Compilando código em modo restrito...
2025-10-17 17:50:38 [   DEBUG] [sandbox.py:627] 🔧 Preparando ambiente de execução...
2025-10-17 17:50:38 [   DEBUG] [sandbox.py:649] ⚙️ Limites: timeout=10s, memory=200MB
2025-10-17 17:50:38 [    INFO] [sandbox.py:665] ▶️ Executando código no sandbox...
2025-10-17 17:50:38 [    INFO] [sandbox.py:374] 🔒 Limite de memória SOFT via monitoramento: 200MB (Windows/Fallback)
2025-10-17 17:50:38 [    INFO] [sandbox.py:763] ✅ Sandbox executado com sucesso em 2.00ms
2025-10-17 17:50:38 [    INFO] [sandbox.py:597] 🔒 Compilando código em modo restrito...
2025-10-17 17:50:38 [   DEBUG] [sandbox.py:627] 🔧 Preparando ambiente de execução...
2025-10-17 17:50:38 [   DEBUG] [sandbox.py:649] ⚙️ Limites: timeout=10s, memory=200MB
2025-10-17 17:50:38 [    INFO] [sandbox.py:665] ▶️ Executando código no sandbox...
2025-10-17 17:50:38 [    INFO] [sandbox.py:374] 🔒 Limite de memória SOFT via monitoramento: 200MB (Windows/Fallback)
2025-10-17 17:50:38 [    INFO] [sandbox.py:763] ✅ Sandbox executado com sucesso em 2.00ms
2025-10-17 17:50:38 [    INFO] [sandbox.py:597] 🔒 Compilando código em modo restrito...
2025-10-17 17:50:38 [   DEBUG] [sandbox.py:627] 🔧 Preparando ambiente de execução...
2025-10-17 17:50:38 [   DEBUG] [sandbox.py:649] ⚙️ Limites: timeout=10s, memory=200MB
2025-10-17 17:50:38 [    INFO] [sandbox.py:665] ▶️ Executando código no sandbox...
2025-10-17 17:50:38 [    INFO] [sandbox.py:374] 🔒 Limite de memória SOFT via monitoramento: 200MB (Windows/Fallback)
2025-10-17 17:50:38 [    INFO] [sandbox.py:763] ✅ Sandbox executado com sucesso em 2.01ms
2025-10-17 17:50:38 [    INFO] [sandbox.py:597] 🔒 Compilando código em modo restrito...
2025-10-17 17:50:38 [    INFO] [sandbox.py:597] 🔒 Compilando código em modo restrito...
2025-10-17 17:50:38 [    INFO] [sandbox.py:597] 🔒 Compilando código em modo restrito...
2025-10-17 17:50:38 [   DEBUG] [sandbox.py:627] 🔧 Preparando ambiente de execução...
2025-10-17 17:50:38 [    INFO] [sandbox.py:597] 🔒 Compilando código em modo restrito...
2025-10-17 17:50:38 [   DEBUG] [sandbox.py:627] 🔧 Preparando ambiente de execução...
2025-10-17 17:50:38 [   DEBUG] [sandbox.py:627] 🔧 Preparando ambiente de execução...
2025-10-17 17:50:38 [   DEBUG] [sandbox.py:649] ⚙️ Limites: timeout=10s, memory=200MB
2025-10-17 17:50:38 [    INFO] [sandbox.py:597] 🔒 Compilando código em modo restrito...
2025-10-17 17:50:38 [   DEBUG] [sandbox.py:627] 🔧 Preparando ambiente de execução...
2025-10-17 17:50:38 [   DEBUG] [sandbox.py:649] ⚙️ Limites: timeout=10s, memory=200MB
2025-10-17 17:50:38 [   DEBUG] [sandbox.py:649] ⚙️ Limites: timeout=10s, memory=200MB
2025-10-17 17:50:38 [    INFO] [sandbox.py:665] ▶️ Executando código no sandbox...
2025-10-17 17:50:38 [   DEBUG] [sandbox.py:627] 🔧 Preparando ambiente de execução...
2025-10-17 17:50:38 [   DEBUG] [sandbox.py:649] ⚙️ Limites: timeout=10s, memory=200MB
2025-10-17 17:50:38 [    INFO] [sandbox.py:665] ▶️ Executando código no sandbox...
2025-10-17 17:50:38 [    INFO] [sandbox.py:665] ▶️ Executando código no sandbox...
2025-10-17 17:50:38 [    INFO] [sandbox.py:374] 🔒 Limite de memória SOFT via monitoramento: 200MB (Windows/Fallback)
2025-10-17 17:50:38 [   DEBUG] [sandbox.py:649] ⚙️ Limites: timeout=10s, memory=200MB
2025-10-17 17:50:38 [    INFO] [sandbox.py:665] ▶️ Executando código no sandbox...
2025-10-17 17:50:38 [    INFO] [sandbox.py:374] 🔒 Limite de memória SOFT via monitoramento: 200MB (Windows/Fallback)
2025-10-17 17:50:38 [    INFO] [sandbox.py:374] 🔒 Limite de memória SOFT via monitoramento: 200MB (Windows/Fallback)
2025-10-17 17:50:38 [    INFO] [sandbox.py:763] ✅ Sandbox executado com sucesso em 16.00ms
2025-10-17 17:50:38 [    INFO] [sandbox.py:665] ▶️ Executando código no sandbox...
2025-10-17 17:50:38 [    INFO] [sandbox.py:374] 🔒 Limite de memória SOFT via monitoramento: 200MB (Windows/Fallback)
2025-10-17 17:50:38 [    INFO] [sandbox.py:763] ✅ Sandbox executado com sucesso em 16.00ms
2025-10-17 17:50:38 [    INFO] [sandbox.py:763] ✅ Sandbox executado com sucesso em 15.01ms
2025-10-17 17:50:38 [    INFO] [sandbox.py:597] 🔒 Compilando código em modo restrito...
2025-10-17 17:50:38 [    INFO] [sandbox.py:374] 🔒 Limite de memória SOFT via monitoramento: 200MB (Windows/Fallback)
2025-10-17 17:50:38 [    INFO] [sandbox.py:763] ✅ Sandbox executado com sucesso em 15.00ms
2025-10-17 17:50:38 [   DEBUG] [sandbox.py:627] 🔧 Preparando ambiente de execução...
2025-10-17 17:50:38 [    INFO] [sandbox.py:597] 🔒 Compilando código em modo restrito...
2025-10-17 17:50:38 [    INFO] [sandbox.py:597] 🔒 Compilando código em modo restrito...
2025-10-17 17:50:38 [   DEBUG] [sandbox.py:649] ⚙️ Limites: timeout=10s, memory=200MB
2025-10-17 17:50:38 [    INFO] [sandbox.py:763] ✅ Sandbox executado com sucesso em 14.97ms
2025-10-17 17:50:38 [   DEBUG] [sandbox.py:627] 🔧 Preparando ambiente de execução...
2025-10-17 17:50:38 [    INFO] [sandbox.py:597] 🔒 Compilando código em modo restrito...
2025-10-17 17:50:38 [   DEBUG] [sandbox.py:627] 🔧 Preparando ambiente de execução...
2025-10-17 17:50:38 [    INFO] [sandbox.py:665] ▶️ Executando código no sandbox...
2025-10-17 17:50:38 [    INFO] [sandbox.py:597] 🔒 Compilando código em modo restrito...
2025-10-17 17:50:38 [   DEBUG] [sandbox.py:649] ⚙️ Limites: timeout=10s, memory=200MB
2025-10-17 17:50:38 [   DEBUG] [sandbox.py:627] 🔧 Preparando ambiente de execução...
2025-10-17 17:50:38 [   DEBUG] [sandbox.py:649] ⚙️ Limites: timeout=10s, memory=200MB
2025-10-17 17:50:38 [    INFO] [sandbox.py:374] 🔒 Limite de memória SOFT via monitoramento: 200MB (Windows/Fallback)
2025-10-17 17:50:38 [   DEBUG] [sandbox.py:627] 🔧 Preparando ambiente de execução...
2025-10-17 17:50:38 [    INFO] [sandbox.py:665] ▶️ Executando código no sandbox...
2025-10-17 17:50:38 [   DEBUG] [sandbox.py:649] ⚙️ Limites: timeout=10s, memory=200MB
2025-10-17 17:50:38 [    INFO] [sandbox.py:665] ▶️ Executando código no sandbox...
2025-10-17 17:50:38 [    INFO] [sandbox.py:763] ✅ Sandbox executado com sucesso em 12.99ms
2025-10-17 17:50:38 [   DEBUG] [sandbox.py:649] ⚙️ Limites: timeout=10s, memory=200MB
2025-10-17 17:50:38 [    INFO] [sandbox.py:374] 🔒 Limite de memória SOFT via monitoramento: 200MB (Windows/Fallback)
2025-10-17 17:50:38 [    INFO] [sandbox.py:665] ▶️ Executando código no sandbox...
2025-10-17 17:50:38 [    INFO] [sandbox.py:374] 🔒 Limite de memória SOFT via monitoramento: 200MB (Windows/Fallback)
2025-10-17 17:50:38 [    INFO] [sandbox.py:597] 🔒 Compilando código em modo restrito...
2025-10-17 17:50:38 [    INFO] [sandbox.py:665] ▶️ Executando código no sandbox...
2025-10-17 17:50:38 [    INFO] [sandbox.py:763] ✅ Sandbox executado com sucesso em 14.00ms
2025-10-17 17:50:38 [    INFO] [sandbox.py:374] 🔒 Limite de memória SOFT via monitoramento: 200MB (Windows/Fallback)
2025-10-17 17:50:38 [   DEBUG] [sandbox.py:627] 🔧 Preparando ambiente de execução...
2025-10-17 17:50:38 [    INFO] [sandbox.py:763] ✅ Sandbox executado com sucesso em 15.00ms
2025-10-17 17:50:38 [    INFO] [sandbox.py:374] 🔒 Limite de memória SOFT via monitoramento: 200MB (Windows/Fallback)
2025-10-17 17:50:38 [    INFO] [sandbox.py:597] 🔒 Compilando código em modo restrito...
2025-10-17 17:50:38 [   DEBUG] [sandbox.py:649] ⚙️ Limites: timeout=10s, memory=200MB
2025-10-17 17:50:38 [    INFO] [sandbox.py:763] ✅ Sandbox executado com sucesso em 15.00ms
2025-10-17 17:50:38 [    INFO] [sandbox.py:597] 🔒 Compilando código em modo restrito...
2025-10-17 17:50:38 [   DEBUG] [sandbox.py:627] 🔧 Preparando ambiente de execução...
2025-10-17 17:50:38 [    INFO] [sandbox.py:763] ✅ Sandbox executado com sucesso em 14.01ms
2025-10-17 17:50:38 [    INFO] [sandbox.py:665] ▶️ Executando código no sandbox...
2025-10-17 17:50:38 [   DEBUG] [sandbox.py:627] 🔧 Preparando ambiente de execução...
2025-10-17 17:50:38 [    INFO] [sandbox.py:597] 🔒 Compilando código em modo restrito...
2025-10-17 17:50:38 [   DEBUG] [sandbox.py:649] ⚙️ Limites: timeout=10s, memory=200MB
2025-10-17 17:50:38 [    INFO] [sandbox.py:597] 🔒 Compilando código em modo restrito...
2025-10-17 17:50:38 [    INFO] [sandbox.py:374] 🔒 Limite de memória SOFT via monitoramento: 200MB (Windows/Fallback)
2025-10-17 17:50:38 [   DEBUG] [sandbox.py:649] ⚙️ Limites: timeout=10s, memory=200MB
2025-10-17 17:50:38 [   DEBUG] [sandbox.py:627] 🔧 Preparando ambiente de execução...
2025-10-17 17:50:38 [    INFO] [sandbox.py:665] ▶️ Executando código no sandbox...
2025-10-17 17:50:38 [   DEBUG] [sandbox.py:627] 🔧 Preparando ambiente de execução...
2025-10-17 17:50:38 [    INFO] [sandbox.py:763] ✅ Sandbox executado com sucesso em 14.01ms
2025-10-17 17:50:38 [    INFO] [sandbox.py:665] ▶️ Executando código no sandbox...
2025-10-17 17:50:38 [   DEBUG] [sandbox.py:649] ⚙️ Limites: timeout=10s, memory=200MB
2025-10-17 17:50:38 [    INFO] [sandbox.py:374] 🔒 Limite de memória SOFT via monitoramento: 200MB (Windows/Fallback)
2025-10-17 17:50:38 [   DEBUG] [sandbox.py:649] ⚙️ Limites: timeout=10s, memory=200MB
2025-10-17 17:50:38 [    INFO] [sandbox.py:597] 🔒 Compilando código em modo restrito...
2025-10-17 17:50:38 [    INFO] [sandbox.py:374] 🔒 Limite de memória SOFT via monitoramento: 200MB (Windows/Fallback)
2025-10-17 17:50:38 [    INFO] [sandbox.py:665] ▶️ Executando código no sandbox...
2025-10-17 17:50:38 [    INFO] [sandbox.py:763] ✅ Sandbox executado com sucesso em 15.00ms
2025-10-17 17:50:38 [    INFO] [sandbox.py:665] ▶️ Executando código no sandbox...
2025-10-17 17:50:38 [   DEBUG] [sandbox.py:627] 🔧 Preparando ambiente de execução...
2025-10-17 17:50:38 [    INFO] [sandbox.py:763] ✅ Sandbox executado com sucesso em 14.00ms
2025-10-17 17:50:38 [    INFO] [sandbox.py:374] 🔒 Limite de memória SOFT via monitoramento: 200MB (Windows/Fallback)
2025-10-17 17:50:38 [    INFO] [sandbox.py:597] 🔒 Compilando código em modo restrito...
2025-10-17 17:50:38 [   DEBUG] [sandbox.py:649] ⚙️ Limites: timeout=10s, memory=200MB
2025-10-17 17:50:38 [    INFO] [sandbox.py:374] 🔒 Limite de memória SOFT via monitoramento: 200MB (Windows/Fallback)
2025-10-17 17:50:38 [    INFO] [sandbox.py:597] 🔒 Compilando código em modo restrito...
2025-10-17 17:50:38 [    INFO] [sandbox.py:763] ✅ Sandbox executado com sucesso em 15.01ms
2025-10-17 17:50:38 [   DEBUG] [sandbox.py:627] 🔧 Preparando ambiente de execução...
2025-10-17 17:50:38 [    INFO] [sandbox.py:665] ▶️ Executando código no sandbox...
2025-10-17 17:50:38 [   DEBUG] [sandbox.py:627] 🔧 Preparando ambiente de execução...
2025-10-17 17:50:38 [    INFO] [sandbox.py:763] ✅ Sandbox executado com sucesso em 15.00ms
2025-10-17 17:50:38 [    INFO] [sandbox.py:597] 🔒 Compilando código em modo restrito...
2025-10-17 17:50:38 [   DEBUG] [sandbox.py:649] ⚙️ Limites: timeout=10s, memory=200MB
2025-10-17 17:50:38 [    INFO] [sandbox.py:374] 🔒 Limite de memória SOFT via monitoramento: 200MB (Windows/Fallback)
2025-10-17 17:50:38 [   DEBUG] [sandbox.py:649] ⚙️ Limites: timeout=10s, memory=200MB
2025-10-17 17:50:38 [    INFO] [sandbox.py:597] 🔒 Compilando código em modo restrito...
2025-10-17 17:50:38 [   DEBUG] [sandbox.py:627] 🔧 Preparando ambiente de execução...
2025-10-17 17:50:38 [    INFO] [sandbox.py:665] ▶️ Executando código no sandbox...
2025-10-17 17:50:38 [    INFO] [sandbox.py:763] ✅ Sandbox executado com sucesso em 15.01ms
2025-10-17 17:50:38 [    INFO] [sandbox.py:665] ▶️ Executando código no sandbox...
2025-10-17 17:50:38 [   DEBUG] [sandbox.py:627] 🔧 Preparando ambiente de execução...
2025-10-17 17:50:38 [   DEBUG] [sandbox.py:649] ⚙️ Limites: timeout=10s, memory=200MB
2025-10-17 17:50:38 [    INFO] [sandbox.py:374] 🔒 Limite de memória SOFT via monitoramento: 200MB (Windows/Fallback)
2025-10-17 17:50:38 [    INFO] [sandbox.py:374] 🔒 Limite de memória SOFT via monitoramento: 200MB (Windows/Fallback)
2025-10-17 17:50:38 [   DEBUG] [sandbox.py:649] ⚙️ Limites: timeout=10s, memory=200MB
2025-10-17 17:50:38 [    INFO] [sandbox.py:665] ▶️ Executando código no sandbox...
2025-10-17 17:50:38 [    INFO] [sandbox.py:763] ✅ Sandbox executado com sucesso em 14.00ms
2025-10-17 17:50:38 [    INFO] [sandbox.py:763] ✅ Sandbox executado com sucesso em 14.00ms
2025-10-17 17:50:38 [    INFO] [sandbox.py:665] ▶️ Executando código no sandbox...
2025-10-17 17:50:38 [    INFO] [sandbox.py:374] 🔒 Limite de memória SOFT via monitoramento: 200MB (Windows/Fallback)
2025-10-17 17:50:38 [    INFO] [sandbox.py:374] 🔒 Limite de memória SOFT via monitoramento: 200MB (Windows/Fallback)
2025-10-17 17:50:38 [    INFO] [sandbox.py:763] ✅ Sandbox executado com sucesso em 12.97ms
2025-10-17 17:50:38 [    INFO] [sandbox.py:763] ✅ Sandbox executado com sucesso em 11.00ms
2025-10-17 17:50:38 [    INFO] [sandbox.py:597] 🔒 Compilando código em modo restrito...
2025-10-17 17:50:38 [   DEBUG] [sandbox.py:627] 🔧 Preparando ambiente de execução...
2025-10-17 17:50:38 [   DEBUG] [sandbox.py:649] ⚙️ Limites: timeout=10s, memory=100MB
2025-10-17 17:50:38 [    INFO] [sandbox.py:665] ▶️ Executando código no sandbox...
2025-10-17 17:50:38 [    INFO] [sandbox.py:374] 🔒 Limite de memória SOFT via monitoramento: 100MB (Windows/Fallback)
2025-10-17 17:50:38 [   DEBUG] [sandbox.py:458] ✅ Import permitido: numpy
2025-10-17 17:50:38 [    INFO] [sandbox.py:763] ✅ Sandbox executado com sucesso em 3.00ms
2025-10-17 17:50:38 [    INFO] [sandbox.py:597] 🔒 Compilando código em modo restrito...
2025-10-17 17:50:38 [   DEBUG] [sandbox.py:627] 🔧 Preparando ambiente de execução...
2025-10-17 17:50:38 [   DEBUG] [sandbox.py:649] ⚙️ Limites: timeout=10s, memory=100MB
2025-10-17 17:50:38 [    INFO] [sandbox.py:665] ▶️ Executando código no sandbox...
2025-10-17 17:50:38 [    INFO] [sandbox.py:374] 🔒 Limite de memória SOFT via monitoramento: 100MB (Windows/Fallback)
2025-10-17 17:50:38 [   DEBUG] [sandbox.py:458] ✅ Import permitido: numpy
2025-10-17 17:50:38 [    INFO] [sandbox.py:763] ✅ Sandbox executado com sucesso em 2.01ms
2025-10-17 17:50:38 [    INFO] [sandbox.py:597] 🔒 Compilando código em modo restrito...
2025-10-17 17:50:38 [   DEBUG] [sandbox.py:627] 🔧 Preparando ambiente de execução...
2025-10-17 17:50:38 [   DEBUG] [sandbox.py:649] ⚙️ Limites: timeout=10s, memory=100MB
2025-10-17 17:50:38 [    INFO] [sandbox.py:665] ▶️ Executando código no sandbox...
2025-10-17 17:50:38 [    INFO] [sandbox.py:374] 🔒 Limite de memória SOFT via monitoramento: 100MB (Windows/Fallback)
2025-10-17 17:50:38 [   DEBUG] [sandbox.py:458] ✅ Import permitido: numpy
2025-10-17 17:50:38 [    INFO] [sandbox.py:763] ✅ Sandbox executado com sucesso em 2.99ms
2025-10-17 17:50:38 [    INFO] [sandbox.py:597] 🔒 Compilando código em modo restrito...
2025-10-17 17:50:38 [   DEBUG] [sandbox.py:627] 🔧 Preparando ambiente de execução...
2025-10-17 17:50:38 [   DEBUG] [sandbox.py:649] ⚙️ Limites: timeout=10s, memory=100MB
2025-10-17 17:50:38 [    INFO] [sandbox.py:665] ▶️ Executando código no sandbox...
2025-10-17 17:50:38 [    INFO] [sandbox.py:374] 🔒 Limite de memória SOFT via monitoramento: 100MB (Windows/Fallback)
2025-10-17 17:50:38 [   DEBUG] [sandbox.py:458] ✅ Import permitido: numpy
2025-10-17 17:50:38 [    INFO] [sandbox.py:763] ✅ Sandbox executado com sucesso em 3.00ms
2025-10-17 17:50:38 [    INFO] [sandbox.py:597] 🔒 Compilando código em modo restrito...
2025-10-17 17:50:38 [   DEBUG] [sandbox.py:627] 🔧 Preparando ambiente de execução...
2025-10-17 17:50:38 [   DEBUG] [sandbox.py:649] ⚙️ Limites: timeout=10s, memory=100MB
2025-10-17 17:50:38 [    INFO] [sandbox.py:665] ▶️ Executando código no sandbox...
2025-10-17 17:50:38 [    INFO] [sandbox.py:374] 🔒 Limite de memória SOFT via monitoramento: 100MB (Windows/Fallback)
2025-10-17 17:50:38 [   DEBUG] [sandbox.py:458] ✅ Import permitido: numpy
2025-10-17 17:50:38 [    INFO] [sandbox.py:763] ✅ Sandbox executado com sucesso em 2.00ms
2025-10-17 17:50:38 [    INFO] [sandbox.py:597] 🔒 Compilando código em modo restrito...
2025-10-17 17:50:38 [   DEBUG] [sandbox.py:627] 🔧 Preparando ambiente de execução...
2025-10-17 17:50:38 [   DEBUG] [sandbox.py:649] ⚙️ Limites: timeout=10s, memory=100MB
2025-10-17 17:50:38 [    INFO] [sandbox.py:665] ▶️ Executando código no sandbox...
2025-10-17 17:50:38 [    INFO] [sandbox.py:374] 🔒 Limite de memória SOFT via monitoramento: 100MB (Windows/Fallback)
2025-10-17 17:50:38 [   DEBUG] [sandbox.py:458] ✅ Import permitido: numpy
2025-10-17 17:50:38 [    INFO] [sandbox.py:763] ✅ Sandbox executado com sucesso em 3.00ms
2025-10-17 17:50:38 [    INFO] [sandbox.py:597] 🔒 Compilando código em modo restrito...
2025-10-17 17:50:38 [   DEBUG] [sandbox.py:627] 🔧 Preparando ambiente de execução...
2025-10-17 17:50:38 [   DEBUG] [sandbox.py:649] ⚙️ Limites: timeout=10s, memory=100MB
2025-10-17 17:50:38 [    INFO] [sandbox.py:665] ▶️ Executando código no sandbox...
2025-10-17 17:50:38 [    INFO] [sandbox.py:374] 🔒 Limite de memória SOFT via monitoramento: 100MB (Windows/Fallback)
2025-10-17 17:50:38 [   DEBUG] [sandbox.py:458] ✅ Import permitido: numpy
2025-10-17 17:50:38 [    INFO] [sandbox.py:763] ✅ Sandbox executado com sucesso em 3.01ms
2025-10-17 17:50:38 [    INFO] [sandbox.py:597] 🔒 Compilando código em modo restrito...
2025-10-17 17:50:38 [   DEBUG] [sandbox.py:627] 🔧 Preparando ambiente de execução...
2025-10-17 17:50:38 [   DEBUG] [sandbox.py:649] ⚙️ Limites: timeout=10s, memory=100MB
2025-10-17 17:50:38 [    INFO] [sandbox.py:665] ▶️ Executando código no sandbox...
2025-10-17 17:50:38 [    INFO] [sandbox.py:374] 🔒 Limite de memória SOFT via monitoramento: 100MB (Windows/Fallback)
2025-10-17 17:50:38 [   DEBUG] [sandbox.py:458] ✅ Import permitido: numpy
2025-10-17 17:50:38 [    INFO] [sandbox.py:763] ✅ Sandbox executado com sucesso em 1.99ms
2025-10-17 17:50:38 [    INFO] [sandbox.py:597] 🔒 Compilando código em modo restrito...
2025-10-17 17:50:38 [   DEBUG] [sandbox.py:627] 🔧 Preparando ambiente de execução...
2025-10-17 17:50:38 [   DEBUG] [sandbox.py:649] ⚙️ Limites: timeout=10s, memory=100MB
2025-10-17 17:50:38 [    INFO] [sandbox.py:665] ▶️ Executando código no sandbox...
2025-10-17 17:50:38 [    INFO] [sandbox.py:374] 🔒 Limite de memória SOFT via monitoramento: 100MB (Windows/Fallback)
2025-10-17 17:50:38 [   DEBUG] [sandbox.py:458] ✅ Import permitido: numpy
2025-10-17 17:50:38 [    INFO] [sandbox.py:763] ✅ Sandbox executado com sucesso em 2.01ms
2025-10-17 17:50:38 [    INFO] [sandbox.py:597] 🔒 Compilando código em modo restrito...
2025-10-17 17:50:38 [   DEBUG] [sandbox.py:627] 🔧 Preparando ambiente de execução...
2025-10-17 17:50:38 [   DEBUG] [sandbox.py:649] ⚙️ Limites: timeout=10s, memory=100MB
2025-10-17 17:50:38 [    INFO] [sandbox.py:665] ▶️ Executando código no sandbox...
2025-10-17 17:50:38 [    INFO] [sandbox.py:374] 🔒 Limite de memória SOFT via monitoramento: 100MB (Windows/Fallback)
2025-10-17 17:50:38 [   DEBUG] [sandbox.py:458] ✅ Import permitido: numpy
2025-10-17 17:50:38 [    INFO] [sandbox.py:763] ✅ Sandbox executado com sucesso em 2.00ms
2025-10-17 17:50:38 [    INFO] [sandbox.py:597] 🔒 Compilando código em modo restrito...
2025-10-17 17:50:38 [   DEBUG] [sandbox.py:627] 🔧 Preparando ambiente de execução...
2025-10-17 17:50:38 [   DEBUG] [sandbox.py:649] ⚙️ Limites: timeout=10s, memory=200MB
2025-10-17 17:50:38 [    INFO] [sandbox.py:665] ▶️ Executando código no sandbox...
2025-10-17 17:50:38 [    INFO] [sandbox.py:374] 🔒 Limite de memória SOFT via monitoramento: 200MB (Windows/Fallback)
2025-10-17 17:50:38 [ WARNING] [sandbox.py:448] 🚨 Tentativa de import bloqueado: os
2025-10-17 17:50:38 [   ERROR] [sandbox.py:778] 🚨 Import bloqueado: Import bloqueado por segurança: os
2025-10-17 17:50:38 [    INFO] [sandbox.py:597] 🔒 Compilando código em modo restrito...
2025-10-17 17:50:38 [   DEBUG] [sandbox.py:627] 🔧 Preparando ambiente de execução...
2025-10-17 17:50:38 [   DEBUG] [sandbox.py:649] ⚙️ Limites: timeout=10s, memory=200MB
2025-10-17 17:50:38 [    INFO] [sandbox.py:665] ▶️ Executando código no sandbox...
2025-10-17 17:50:38 [    INFO] [sandbox.py:374] 🔒 Limite de memória SOFT via monitoramento: 200MB (Windows/Fallback)
2025-10-17 17:50:38 [ WARNING] [sandbox.py:448] 🚨 Tentativa de import bloqueado: subprocess
2025-10-17 17:50:38 [   ERROR] [sandbox.py:778] 🚨 Import bloqueado: Import bloqueado por segurança: subprocess
2025-10-17 17:50:38 [    INFO] [sandbox.py:597] 🔒 Compilando código em modo restrito...
2025-10-17 17:50:38 [   DEBUG] [sandbox.py:627] 🔧 Preparando ambiente de execução...
2025-10-17 17:50:38 [   DEBUG] [sandbox.py:649] ⚙️ Limites: timeout=10s, memory=200MB
2025-10-17 17:50:38 [    INFO] [sandbox.py:665] ▶️ Executando código no sandbox...
2025-10-17 17:50:38 [    INFO] [sandbox.py:374] 🔒 Limite de memória SOFT via monitoramento: 200MB (Windows/Fallback)
2025-10-17 17:50:38 [ WARNING] [sandbox.py:448] 🚨 Tentativa de import bloqueado: sys
2025-10-17 17:50:38 [   ERROR] [sandbox.py:778] 🚨 Import bloqueado: Import bloqueado por segurança: sys
2025-10-17 17:50:38 [    INFO] [sandbox.py:597] 🔒 Compilando código em modo restrito...
2025-10-17 17:50:38 [   DEBUG] [sandbox.py:627] 🔧 Preparando ambiente de execução...
2025-10-17 17:50:38 [   DEBUG] [sandbox.py:649] ⚙️ Limites: timeout=10s, memory=200MB
2025-10-17 17:50:38 [    INFO] [sandbox.py:665] ▶️ Executando código no sandbox...
2025-10-17 17:50:38 [    INFO] [sandbox.py:374] 🔒 Limite de memória SOFT via monitoramento: 200MB (Windows/Fallback)
2025-10-17 17:50:38 [ WARNING] [sandbox.py:448] 🚨 Tentativa de import bloqueado: socket
2025-10-17 17:50:38 [   ERROR] [sandbox.py:778] 🚨 Import bloqueado: Import bloqueado por segurança: socket
2025-10-17 17:50:38 [    INFO] [sandbox.py:597] 🔒 Compilando código em modo restrito...
2025-10-17 17:50:38 [   DEBUG] [sandbox.py:627] 🔧 Preparando ambiente de execução...
2025-10-17 17:50:38 [   DEBUG] [sandbox.py:649] ⚙️ Limites: timeout=10s, memory=200MB
2025-10-17 17:50:38 [    INFO] [sandbox.py:665] ▶️ Executando código no sandbox...
2025-10-17 17:50:38 [    INFO] [sandbox.py:374] 🔒 Limite de memória SOFT via monitoramento: 200MB (Windows/Fallback)
2025-10-17 17:50:38 [ WARNING] [sandbox.py:448] 🚨 Tentativa de import bloqueado: urllib
2025-10-17 17:50:38 [   ERROR] [sandbox.py:778] 🚨 Import bloqueado: Import bloqueado por segurança: urllib
2025-10-17 17:50:38 [    INFO] [sandbox.py:597] 🔒 Compilando código em modo restrito...
2025-10-17 17:50:38 [   DEBUG] [sandbox.py:627] 🔧 Preparando ambiente de execução...
2025-10-17 17:50:38 [   DEBUG] [sandbox.py:649] ⚙️ Limites: timeout=10s, memory=200MB
2025-10-17 17:50:38 [    INFO] [sandbox.py:665] ▶️ Executando código no sandbox...
2025-10-17 17:50:38 [    INFO] [sandbox.py:374] 🔒 Limite de memória SOFT via monitoramento: 200MB (Windows/Fallback)
2025-10-17 17:50:38 [ WARNING] [sandbox.py:448] 🚨 Tentativa de import bloqueado: requests
2025-10-17 17:50:38 [   ERROR] [sandbox.py:778] 🚨 Import bloqueado: Import bloqueado por segurança: requests
2025-10-17 17:50:38 [    INFO] [sandbox.py:597] 🔒 Compilando código em modo restrito...
2025-10-17 17:50:38 [   DEBUG] [sandbox.py:627] 🔧 Preparando ambiente de execução...
2025-10-17 17:50:38 [   DEBUG] [sandbox.py:649] ⚙️ Limites: timeout=10s, memory=200MB
2025-10-17 17:50:38 [    INFO] [sandbox.py:665] ▶️ Executando código no sandbox...
2025-10-17 17:50:38 [    INFO] [sandbox.py:374] 🔒 Limite de memória SOFT via monitoramento: 200MB (Windows/Fallback)
2025-10-17 17:50:38 [ WARNING] [sandbox.py:448] 🚨 Tentativa de import bloqueado: http
2025-10-17 17:50:38 [   ERROR] [sandbox.py:778] 🚨 Import bloqueado: Import bloqueado por segurança: http
2025-10-17 17:50:38 [    INFO] [sandbox.py:597] 🔒 Compilando código em modo restrito...
2025-10-17 17:50:38 [   DEBUG] [sandbox.py:627] 🔧 Preparando ambiente de execução...
2025-10-17 17:50:38 [   DEBUG] [sandbox.py:649] ⚙️ Limites: timeout=10s, memory=200MB
2025-10-17 17:50:38 [    INFO] [sandbox.py:665] ▶️ Executando código no sandbox...
2025-10-17 17:50:38 [    INFO] [sandbox.py:374] 🔒 Limite de memória SOFT via monitoramento: 200MB (Windows/Fallback)
2025-10-17 17:50:38 [ WARNING] [sandbox.py:448] 🚨 Tentativa de import bloqueado: pickle
2025-10-17 17:50:38 [   ERROR] [sandbox.py:778] 🚨 Import bloqueado: Import bloqueado por segurança: pickle
2025-10-17 17:50:38 [    INFO] [sandbox.py:597] 🔒 Compilando código em modo restrito...
2025-10-17 17:50:38 [   ERROR] [sandbox.py:609] ❌ Erro de compilação (código restrito): ('Line 2: "__builtin__" is an invalid variable name because it starts with "_"',)
2025-10-17 17:50:38 [    INFO] [sandbox.py:597] 🔒 Compilando código em modo restrito...
2025-10-17 17:50:38 [   DEBUG] [sandbox.py:627] 🔧 Preparando ambiente de execução...
2025-10-17 17:50:38 [   DEBUG] [sandbox.py:649] ⚙️ Limites: timeout=10s, memory=200MB
2025-10-17 17:50:38 [    INFO] [sandbox.py:665] ▶️ Executando código no sandbox...
2025-10-17 17:50:38 [    INFO] [sandbox.py:374] 🔒 Limite de memória SOFT via monitoramento: 200MB (Windows/Fallback)
2025-10-17 17:50:38 [ WARNING] [sandbox.py:448] 🚨 Tentativa de import bloqueado: importlib
2025-10-17 17:50:38 [   ERROR] [sandbox.py:778] 🚨 Import bloqueado: Import bloqueado por segurança: importlib
2025-10-17 17:50:38 [    INFO] [sandbox.py:597] 🔒 Compilando código em modo restrito...
2025-10-17 17:50:38 [   DEBUG] [sandbox.py:627] 🔧 Preparando ambiente de execução...
2025-10-17 17:50:38 [   DEBUG] [sandbox.py:649] ⚙️ Limites: timeout=10s, memory=200MB
2025-10-17 17:50:38 [    INFO] [sandbox.py:665] ▶️ Executando código no sandbox...
2025-10-17 17:50:38 [    INFO] [sandbox.py:374] 🔒 Limite de memória SOFT via monitoramento: 200MB (Windows/Fallback)
2025-10-17 17:50:38 [ WARNING] [sandbox.py:448] 🚨 Tentativa de import bloqueado: os
2025-10-17 17:50:38 [   ERROR] [sandbox.py:778] 🚨 Import bloqueado: Import bloqueado por segurança: os
2025-10-17 17:50:38 [    INFO] [sandbox.py:597] 🔒 Compilando código em modo restrito...
2025-10-17 17:50:38 [   DEBUG] [sandbox.py:627] 🔧 Preparando ambiente de execução...
2025-10-17 17:50:38 [   DEBUG] [sandbox.py:649] ⚙️ Limites: timeout=10s, memory=200MB
2025-10-17 17:50:38 [    INFO] [sandbox.py:665] ▶️ Executando código no sandbox...
2025-10-17 17:50:38 [    INFO] [sandbox.py:374] 🔒 Limite de memória SOFT via monitoramento: 200MB (Windows/Fallback)
2025-10-17 17:50:38 [ WARNING] [sandbox.py:448] 🚨 Tentativa de import bloqueado: subprocess
2025-10-17 17:50:38 [   ERROR] [sandbox.py:778] 🚨 Import bloqueado: Import bloqueado por segurança: subprocess
2025-10-17 17:50:38 [    INFO] [sandbox.py:597] 🔒 Compilando código em modo restrito...
2025-10-17 17:50:38 [   DEBUG] [sandbox.py:627] 🔧 Preparando ambiente de execução...
2025-10-17 17:50:38 [   DEBUG] [sandbox.py:649] ⚙️ Limites: timeout=10s, memory=200MB
2025-10-17 17:50:38 [    INFO] [sandbox.py:665] ▶️ Executando código no sandbox...
2025-10-17 17:50:38 [    INFO] [sandbox.py:374] 🔒 Limite de memória SOFT via monitoramento: 200MB (Windows/Fallback)
2025-10-17 17:50:38 [ WARNING] [sandbox.py:448] 🚨 Tentativa de import bloqueado: socket
2025-10-17 17:50:38 [   ERROR] [sandbox.py:778] 🚨 Import bloqueado: Import bloqueado por segurança: socket
2025-10-17 17:50:38 [    INFO] [sandbox.py:597] 🔒 Compilando código em modo restrito...
2025-10-17 17:50:38 [   ERROR] [sandbox.py:609] ❌ Erro de compilação (código restrito): ('Line 2: Eval calls are not allowed.',)
2025-10-17 17:50:38 [    INFO] [sandbox.py:597] 🔒 Compilando código em modo restrito...
2025-10-17 17:50:38 [   ERROR] [sandbox.py:609] ❌ Erro de compilação (código restrito): ('Line 2: Exec calls are not allowed.',)
2025-10-17 17:50:38 [    INFO] [sandbox.py:597] 🔒 Compilando código em modo restrito...
2025-10-17 17:50:38 [   ERROR] [sandbox.py:609] ❌ Erro de compilação (código restrito): ('Line 3: Eval calls are not allowed.',)
2025-10-17 17:50:38 [    INFO] [sandbox.py:597] 🔒 Compilando código em modo restrito...
2025-10-17 17:50:38 [   DEBUG] [sandbox.py:627] 🔧 Preparando ambiente de execução...
2025-10-17 17:50:38 [   DEBUG] [sandbox.py:649] ⚙️ Limites: timeout=10s, memory=200MB
2025-10-17 17:50:38 [    INFO] [sandbox.py:665] ▶️ Executando código no sandbox...
2025-10-17 17:50:38 [    INFO] [sandbox.py:374] 🔒 Limite de memória SOFT via monitoramento: 200MB (Windows/Fallback)
2025-10-17 17:50:38 [   ERROR] [sandbox.py:793] ❌ Erro durante execução: NameError: name 'open' is not defined
Traceback (most recent call last):
  File "C:\workstashion\eda-aiminds-i2a2-rb\src\security\sandbox.py", line 225, in execution_timeout
    old_handler = signal.signal(signal.SIGALRM, timeout_handler)
                                ^^^^^^^^^^^^^^
AttributeError: module 'signal' has no attribute 'SIGALRM'. Did you mean: 'SIGABRT'?

During handling of the above exception, another exception occurred:

Traceback (most recent call last):
  File "C:\workstashion\eda-aiminds-i2a2-rb\src\security\sandbox.py", line 677, in execute_in_sandbox
    exec(byte_code, safe_env, local_namespace)
  File "<sandbox>", line 2, in <module>
NameError: name 'open' is not defined

2025-10-17 17:50:38 [    INFO] [sandbox.py:597] 🔒 Compilando código em modo restrito...
2025-10-17 17:50:38 [   DEBUG] [sandbox.py:627] 🔧 Preparando ambiente de execução...
2025-10-17 17:50:38 [   DEBUG] [sandbox.py:649] ⚙️ Limites: timeout=10s, memory=200MB
2025-10-17 17:50:38 [    INFO] [sandbox.py:665] ▶️ Executando código no sandbox...
2025-10-17 17:50:38 [    INFO] [sandbox.py:374] 🔒 Limite de memória SOFT via monitoramento: 200MB (Windows/Fallback)
2025-10-17 17:50:38 [   ERROR] [sandbox.py:793] ❌ Erro durante execução: NameError: name 'globals' is not defined
Traceback (most recent call last):
  File "C:\workstashion\eda-aiminds-i2a2-rb\src\security\sandbox.py", line 225, in execution_timeout
    old_handler = signal.signal(signal.SIGALRM, timeout_handler)
                                ^^^^^^^^^^^^^^
AttributeError: module 'signal' has no attribute 'SIGALRM'. Did you mean: 'SIGABRT'?

During handling of the above exception, another exception occurred:

Traceback (most recent call last):
  File "C:\workstashion\eda-aiminds-i2a2-rb\src\security\sandbox.py", line 677, in execute_in_sandbox
    exec(byte_code, safe_env, local_namespace)
  File "<sandbox>", line 2, in <module>
NameError: name 'globals' is not defined

2025-10-17 17:50:38 [    INFO] [sandbox.py:597] 🔒 Compilando código em modo restrito...
2025-10-17 17:50:38 [   DEBUG] [sandbox.py:627] 🔧 Preparando ambiente de execução...
2025-10-17 17:50:38 [   DEBUG] [sandbox.py:649] ⚙️ Limites: timeout=10s, memory=200MB
2025-10-17 17:50:38 [    INFO] [sandbox.py:665] ▶️ Executando código no sandbox...
2025-10-17 17:50:38 [    INFO] [sandbox.py:374] 🔒 Limite de memória SOFT via monitoramento: 200MB (Windows/Fallback)
2025-10-17 17:50:38 [   DEBUG] [sandbox.py:458] ✅ Import permitido: pandas
2025-10-17 17:50:38 [    INFO] [sandbox.py:763] ✅ Sandbox executado com sucesso em 5.00ms
2025-10-17 17:50:38 [    INFO] [sandbox.py:597] 🔒 Compilando código em modo restrito...
2025-10-17 17:50:38 [   DEBUG] [sandbox.py:627] 🔧 Preparando ambiente de execução...
2025-10-17 17:50:38 [   DEBUG] [sandbox.py:649] ⚙️ Limites: timeout=10s, memory=200MB
2025-10-17 17:50:38 [    INFO] [sandbox.py:665] ▶️ Executando código no sandbox...
2025-10-17 17:50:38 [    INFO] [sandbox.py:374] 🔒 Limite de memória SOFT via monitoramento: 200MB (Windows/Fallback)
2025-10-17 17:50:38 [   DEBUG] [sandbox.py:458] ✅ Import permitido: numpy
2025-10-17 17:50:38 [    INFO] [sandbox.py:763] ✅ Sandbox executado com sucesso em 2.00ms
2025-10-17 17:50:38 [    INFO] [sandbox.py:597] 🔒 Compilando código em modo restrito...
2025-10-17 17:50:38 [   DEBUG] [sandbox.py:627] 🔧 Preparando ambiente de execução...
2025-10-17 17:50:38 [   DEBUG] [sandbox.py:649] ⚙️ Limites: timeout=10s, memory=200MB
2025-10-17 17:50:38 [    INFO] [sandbox.py:665] ▶️ Executando código no sandbox...
2025-10-17 17:50:38 [    INFO] [sandbox.py:374] 🔒 Limite de memória SOFT via monitoramento: 200MB (Windows/Fallback)
2025-10-17 17:50:38 [   DEBUG] [sandbox.py:458] ✅ Import permitido: math
2025-10-17 17:50:38 [    INFO] [sandbox.py:763] ✅ Sandbox executado com sucesso em 3.00ms
2025-10-17 17:50:38 [    INFO] [sandbox.py:597] 🔒 Compilando código em modo restrito...
2025-10-17 17:50:38 [   ERROR] [sandbox.py:609] ❌ Erro de compilação (código restrito): ('Line 2: "__import__" is an invalid variable name because it starts with "_"',)
2025-10-17 17:50:38 [    INFO] [sandbox.py:597] 🔒 Compilando código em modo restrito...
2025-10-17 17:50:38 [   ERROR] [sandbox.py:609] ❌ Erro de compilação (código restrito): ('Line 2: "__builtins__" is an invalid variable name because it starts with "_"',)
2025-10-17 17:50:38 [    INFO] [sandbox.py:597] 🔒 Compilando código em modo restrito...
2025-10-17 17:50:38 [   DEBUG] [sandbox.py:627] 🔧 Preparando ambiente de execução...
2025-10-17 17:50:38 [   DEBUG] [sandbox.py:649] ⚙️ Limites: timeout=10s, memory=200MB
2025-10-17 17:50:38 [    INFO] [sandbox.py:665] ▶️ Executando código no sandbox...
2025-10-17 17:50:38 [    INFO] [sandbox.py:374] 🔒 Limite de memória SOFT via monitoramento: 200MB (Windows/Fallback)
2025-10-17 17:50:38 [    INFO] [sandbox.py:763] ✅ Sandbox executado com sucesso em 2.00ms
2025-10-17 17:50:38 [    INFO] [sandbox.py:597] 🔒 Compilando código em modo restrito...
2025-10-17 17:50:38 [   DEBUG] [sandbox.py:627] 🔧 Preparando ambiente de execução...
2025-10-17 17:50:38 [   DEBUG] [sandbox.py:649] ⚙️ Limites: timeout=10s, memory=200MB
2025-10-17 17:50:38 [    INFO] [sandbox.py:665] ▶️ Executando código no sandbox...
2025-10-17 17:50:38 [    INFO] [sandbox.py:374] 🔒 Limite de memória SOFT via monitoramento: 200MB (Windows/Fallback)
2025-10-17 17:50:38 [    INFO] [sandbox.py:763] ✅ Sandbox executado com sucesso em 2.50ms
2025-10-17 17:50:38 [    INFO] [sandbox.py:597] 🔒 Compilando código em modo restrito...
2025-10-17 17:50:38 [   DEBUG] [sandbox.py:627] 🔧 Preparando ambiente de execução...
2025-10-17 17:50:38 [   DEBUG] [sandbox.py:649] ⚙️ Limites: timeout=10s, memory=200MB
2025-10-17 17:50:38 [    INFO] [sandbox.py:665] ▶️ Executando código no sandbox...
2025-10-17 17:50:38 [    INFO] [sandbox.py:374] 🔒 Limite de memória SOFT via monitoramento: 200MB (Windows/Fallback)
2025-10-17 17:50:38 [    INFO] [sandbox.py:763] ✅ Sandbox executado com sucesso em 1.83ms
2025-10-17 17:50:38 [    INFO] [sandbox.py:597] 🔒 Compilando código em modo restrito...
2025-10-17 17:50:38 [   DEBUG] [sandbox.py:627] 🔧 Preparando ambiente de execução...
2025-10-17 17:50:38 [   DEBUG] [sandbox.py:649] ⚙️ Limites: timeout=10s, memory=200MB
2025-10-17 17:50:38 [    INFO] [sandbox.py:665] ▶️ Executando código no sandbox...
2025-10-17 17:50:38 [    INFO] [sandbox.py:374] 🔒 Limite de memória SOFT via monitoramento: 200MB (Windows/Fallback)
2025-10-17 17:50:38 [    INFO] [sandbox.py:763] ✅ Sandbox executado com sucesso em 2.81ms
2025-10-17 17:50:38 [    INFO] [sandbox.py:597] 🔒 Compilando código em modo restrito...
2025-10-17 17:50:38 [   DEBUG] [sandbox.py:627] 🔧 Preparando ambiente de execução...
2025-10-17 17:50:38 [   DEBUG] [sandbox.py:649] ⚙️ Limites: timeout=10s, memory=200MB
2025-10-17 17:50:38 [    INFO] [sandbox.py:665] ▶️ Executando código no sandbox...
2025-10-17 17:50:38 [    INFO] [sandbox.py:374] 🔒 Limite de memória SOFT via monitoramento: 200MB (Windows/Fallback)
2025-10-17 17:50:38 [    INFO] [sandbox.py:763] ✅ Sandbox executado com sucesso em 2.56ms
2025-10-17 17:50:38 [    INFO] [sandbox.py:597] 🔒 Compilando código em modo restrito...
2025-10-17 17:50:38 [   DEBUG] [sandbox.py:627] 🔧 Preparando ambiente de execução...
2025-10-17 17:50:38 [   DEBUG] [sandbox.py:649] ⚙️ Limites: timeout=10s, memory=200MB
2025-10-17 17:50:38 [    INFO] [sandbox.py:665] ▶️ Executando código no sandbox...
2025-10-17 17:50:38 [    INFO] [sandbox.py:374] 🔒 Limite de memória SOFT via monitoramento: 200MB (Windows/Fallback)
2025-10-17 17:50:38 [    INFO] [sandbox.py:763] ✅ Sandbox executado com sucesso em 3.02ms
2025-10-17 17:50:39 [    INFO] [sandbox.py:597] 🔒 Compilando código em modo restrito...
2025-10-17 17:50:39 [   DEBUG] [sandbox.py:627] 🔧 Preparando ambiente de execução...
2025-10-17 17:50:39 [   DEBUG] [sandbox.py:649] ⚙️ Limites: timeout=10s, memory=200MB
2025-10-17 17:50:39 [    INFO] [sandbox.py:665] ▶️ Executando código no sandbox...
2025-10-17 17:50:39 [    INFO] [sandbox.py:374] 🔒 Limite de memória SOFT via monitoramento: 200MB (Windows/Fallback)
2025-10-17 17:50:39 [    INFO] [sandbox.py:763] ✅ Sandbox executado com sucesso em 2.26ms
2025-10-17 17:50:39 [    INFO] [sandbox.py:597] 🔒 Compilando código em modo restrito...
2025-10-17 17:50:39 [   DEBUG] [sandbox.py:627] 🔧 Preparando ambiente de execução...
2025-10-17 17:50:39 [   DEBUG] [sandbox.py:649] ⚙️ Limites: timeout=10s, memory=200MB
2025-10-17 17:50:39 [    INFO] [sandbox.py:665] ▶️ Executando código no sandbox...
2025-10-17 17:50:39 [    INFO] [sandbox.py:374] 🔒 Limite de memória SOFT via monitoramento: 200MB (Windows/Fallback)
2025-10-17 17:50:39 [    INFO] [sandbox.py:763] ✅ Sandbox executado com sucesso em 2.21ms
2025-10-17 17:50:39 [    INFO] [sandbox.py:597] 🔒 Compilando código em modo restrito...
2025-10-17 17:50:39 [   DEBUG] [sandbox.py:627] 🔧 Preparando ambiente de execução...
2025-10-17 17:50:39 [   DEBUG] [sandbox.py:649] ⚙️ Limites: timeout=10s, memory=200MB
2025-10-17 17:50:39 [    INFO] [sandbox.py:665] ▶️ Executando código no sandbox...
2025-10-17 17:50:39 [    INFO] [sandbox.py:374] 🔒 Limite de memória SOFT via monitoramento: 200MB (Windows/Fallback)
2025-10-17 17:50:39 [    INFO] [sandbox.py:763] ✅ Sandbox executado com sucesso em 2.00ms
2025-10-17 17:50:39 [    INFO] [sandbox.py:597] 🔒 Compilando código em modo restrito...
2025-10-17 17:50:39 [   DEBUG] [sandbox.py:627] 🔧 Preparando ambiente de execução...
2025-10-17 17:50:39 [   DEBUG] [sandbox.py:649] ⚙️ Limites: timeout=10s, memory=200MB
2025-10-17 17:50:39 [    INFO] [sandbox.py:665] ▶️ Executando código no sandbox...
2025-10-17 17:50:39 [    INFO] [sandbox.py:374] 🔒 Limite de memória SOFT via monitoramento: 200MB (Windows/Fallback)
2025-10-17 17:50:39 [    INFO] [sandbox.py:763] ✅ Sandbox executado com sucesso em 3.00ms
2025-10-17 17:50:39 [    INFO] [sandbox.py:597] 🔒 Compilando código em modo restrito...
2025-10-17 17:50:39 [   DEBUG] [sandbox.py:627] 🔧 Preparando ambiente de execução...
2025-10-17 17:50:39 [   DEBUG] [sandbox.py:649] ⚙️ Limites: timeout=10s, memory=200MB
2025-10-17 17:50:39 [    INFO] [sandbox.py:665] ▶️ Executando código no sandbox...
2025-10-17 17:50:39 [    INFO] [sandbox.py:374] 🔒 Limite de memória SOFT via monitoramento: 200MB (Windows/Fallback)
2025-10-17 17:50:39 [    INFO] [sandbox.py:763] ✅ Sandbox executado com sucesso em 1.00ms
2025-10-17 17:50:39 [    INFO] [sandbox.py:597] 🔒 Compilando código em modo restrito...
2025-10-17 17:50:39 [   DEBUG] [sandbox.py:627] 🔧 Preparando ambiente de execução...
2025-10-17 17:50:39 [   DEBUG] [sandbox.py:649] ⚙️ Limites: timeout=10s, memory=200MB
2025-10-17 17:50:39 [    INFO] [sandbox.py:665] ▶️ Executando código no sandbox...
2025-10-17 17:50:39 [    INFO] [sandbox.py:374] 🔒 Limite de memória SOFT via monitoramento: 200MB (Windows/Fallback)
2025-10-17 17:50:39 [    INFO] [sandbox.py:763] ✅ Sandbox executado com sucesso em 2.99ms
2025-10-17 17:50:39 [    INFO] [sandbox.py:597] 🔒 Compilando código em modo restrito...
2025-10-17 17:50:39 [   DEBUG] [sandbox.py:627] 🔧 Preparando ambiente de execução...
2025-10-17 17:50:39 [   DEBUG] [sandbox.py:649] ⚙️ Limites: timeout=10s, memory=200MB
2025-10-17 17:50:39 [    INFO] [sandbox.py:665] ▶️ Executando código no sandbox...
2025-10-17 17:50:39 [    INFO] [sandbox.py:374] 🔒 Limite de memória SOFT via monitoramento: 200MB (Windows/Fallback)
2025-10-17 17:50:39 [    INFO] [sandbox.py:763] ✅ Sandbox executado com sucesso em 2.99ms
2025-10-17 17:50:39 [    INFO] [sandbox.py:597] 🔒 Compilando código em modo restrito...
2025-10-17 17:50:39 [   DEBUG] [sandbox.py:627] 🔧 Preparando ambiente de execução...
2025-10-17 17:50:39 [   DEBUG] [sandbox.py:649] ⚙️ Limites: timeout=10s, memory=200MB
2025-10-17 17:50:39 [    INFO] [sandbox.py:665] ▶️ Executando código no sandbox...
2025-10-17 17:50:39 [    INFO] [sandbox.py:374] 🔒 Limite de memória SOFT via monitoramento: 200MB (Windows/Fallback)
2025-10-17 17:50:39 [    INFO] [sandbox.py:763] ✅ Sandbox executado com sucesso em 2.00ms
2025-10-17 17:50:39 [    INFO] [sandbox.py:597] 🔒 Compilando código em modo restrito...
2025-10-17 17:50:39 [   DEBUG] [sandbox.py:627] 🔧 Preparando ambiente de execução...
2025-10-17 17:50:39 [   DEBUG] [sandbox.py:649] ⚙️ Limites: timeout=10s, memory=200MB
2025-10-17 17:50:39 [    INFO] [sandbox.py:665] ▶️ Executando código no sandbox...
2025-10-17 17:50:39 [    INFO] [sandbox.py:374] 🔒 Limite de memória SOFT via monitoramento: 200MB (Windows/Fallback)
2025-10-17 17:50:39 [    INFO] [sandbox.py:763] ✅ Sandbox executado com sucesso em 2.00ms
2025-10-17 17:50:39 [    INFO] [sandbox.py:597] 🔒 Compilando código em modo restrito...
2025-10-17 17:50:39 [   DEBUG] [sandbox.py:627] 🔧 Preparando ambiente de execução...
2025-10-17 17:50:39 [   DEBUG] [sandbox.py:649] ⚙️ Limites: timeout=10s, memory=200MB
2025-10-17 17:50:39 [    INFO] [sandbox.py:665] ▶️ Executando código no sandbox...
2025-10-17 17:50:39 [    INFO] [sandbox.py:374] 🔒 Limite de memória SOFT via monitoramento: 200MB (Windows/Fallback)
2025-10-17 17:50:39 [    INFO] [sandbox.py:763] ✅ Sandbox executado com sucesso em 2.00ms
2025-10-17 17:50:39 [    INFO] [sandbox.py:597] 🔒 Compilando código em modo restrito...
2025-10-17 17:50:39 [   DEBUG] [sandbox.py:627] 🔧 Preparando ambiente de execução...
2025-10-17 17:50:39 [   DEBUG] [sandbox.py:649] ⚙️ Limites: timeout=10s, memory=200MB
2025-10-17 17:50:39 [    INFO] [sandbox.py:665] ▶️ Executando código no sandbox...
2025-10-17 17:50:39 [    INFO] [sandbox.py:374] 🔒 Limite de memória SOFT via monitoramento: 200MB (Windows/Fallback)
2025-10-17 17:50:39 [    INFO] [sandbox.py:763] ✅ Sandbox executado com sucesso em 2.00ms
2025-10-17 17:50:39 [    INFO] [sandbox.py:597] 🔒 Compilando código em modo restrito...
2025-10-17 17:50:39 [   DEBUG] [sandbox.py:627] 🔧 Preparando ambiente de execução...
2025-10-17 17:50:39 [   DEBUG] [sandbox.py:649] ⚙️ Limites: timeout=10s, memory=200MB
2025-10-17 17:50:39 [    INFO] [sandbox.py:665] ▶️ Executando código no sandbox...
2025-10-17 17:50:39 [    INFO] [sandbox.py:374] 🔒 Limite de memória SOFT via monitoramento: 200MB (Windows/Fallback)
2025-10-17 17:50:39 [    INFO] [sandbox.py:763] ✅ Sandbox executado com sucesso em 3.00ms
2025-10-17 17:50:39 [    INFO] [sandbox.py:597] 🔒 Compilando código em modo restrito...
2025-10-17 17:50:39 [   DEBUG] [sandbox.py:627] 🔧 Preparando ambiente de execução...
2025-10-17 17:50:39 [   DEBUG] [sandbox.py:649] ⚙️ Limites: timeout=10s, memory=200MB
2025-10-17 17:50:39 [    INFO] [sandbox.py:665] ▶️ Executando código no sandbox...
2025-10-17 17:50:39 [    INFO] [sandbox.py:374] 🔒 Limite de memória SOFT via monitoramento: 200MB (Windows/Fallback)
2025-10-17 17:50:39 [    INFO] [sandbox.py:763] ✅ Sandbox executado com sucesso em 1.97ms
2025-10-17 17:50:39 [    INFO] [sandbox.py:597] 🔒 Compilando código em modo restrito...
2025-10-17 17:50:39 [   DEBUG] [sandbox.py:627] 🔧 Preparando ambiente de execução...
2025-10-17 17:50:39 [   DEBUG] [sandbox.py:649] ⚙️ Limites: timeout=10s, memory=200MB
2025-10-17 17:50:39 [    INFO] [sandbox.py:665] ▶️ Executando código no sandbox...
2025-10-17 17:50:39 [    INFO] [sandbox.py:374] 🔒 Limite de memória SOFT via monitoramento: 200MB (Windows/Fallback)
2025-10-17 17:50:39 [    INFO] [sandbox.py:763] ✅ Sandbox executado com sucesso em 2.01ms
2025-10-17 17:50:39 [    INFO] [sandbox.py:597] 🔒 Compilando código em modo restrito...
2025-10-17 17:50:39 [   DEBUG] [sandbox.py:627] 🔧 Preparando ambiente de execução...
2025-10-17 17:50:39 [   DEBUG] [sandbox.py:649] ⚙️ Limites: timeout=10s, memory=200MB
2025-10-17 17:50:39 [    INFO] [sandbox.py:665] ▶️ Executando código no sandbox...
2025-10-17 17:50:39 [    INFO] [sandbox.py:374] 🔒 Limite de memória SOFT via monitoramento: 200MB (Windows/Fallback)
2025-10-17 17:50:39 [    INFO] [sandbox.py:763] ✅ Sandbox executado com sucesso em 2.99ms
2025-10-17 17:50:39 [    INFO] [sandbox.py:597] 🔒 Compilando código em modo restrito...
2025-10-17 17:50:39 [   DEBUG] [sandbox.py:627] 🔧 Preparando ambiente de execução...
2025-10-17 17:50:39 [   DEBUG] [sandbox.py:649] ⚙️ Limites: timeout=10s, memory=200MB
2025-10-17 17:50:39 [    INFO] [sandbox.py:665] ▶️ Executando código no sandbox...
2025-10-17 17:50:39 [    INFO] [sandbox.py:374] 🔒 Limite de memória SOFT via monitoramento: 200MB (Windows/Fallback)
2025-10-17 17:50:39 [    INFO] [sandbox.py:763] ✅ Sandbox executado com sucesso em 3.00ms
2025-10-17 17:50:39 [    INFO] [sandbox.py:597] 🔒 Compilando código em modo restrito...
2025-10-17 17:50:39 [   DEBUG] [sandbox.py:627] 🔧 Preparando ambiente de execução...
2025-10-17 17:50:39 [   DEBUG] [sandbox.py:649] ⚙️ Limites: timeout=10s, memory=200MB
2025-10-17 17:50:39 [    INFO] [sandbox.py:665] ▶️ Executando código no sandbox...
2025-10-17 17:50:39 [    INFO] [sandbox.py:374] 🔒 Limite de memória SOFT via monitoramento: 200MB (Windows/Fallback)
2025-10-17 17:50:39 [   ERROR] [sandbox.py:793] ❌ Erro durante execução: NameError: name '_unpack_sequence_' is not defined
Traceback (most recent call last):
  File "C:\workstashion\eda-aiminds-i2a2-rb\src\security\sandbox.py", line 225, in execution_timeout
    old_handler = signal.signal(signal.SIGALRM, timeout_handler)
                                ^^^^^^^^^^^^^^
AttributeError: module 'signal' has no attribute 'SIGALRM'. Did you mean: 'SIGABRT'?

During handling of the above exception, another exception occurred:

Traceback (most recent call last):
  File "C:\workstashion\eda-aiminds-i2a2-rb\src\security\sandbox.py", line 677, in execute_in_sandbox
    exec(byte_code, safe_env, local_namespace)
  File "<sandbox>", line 2, in <module>
NameError: name '_unpack_sequence_' is not defined. Did you mean: '_iter_unpack_sequence_'?

2025-10-17 17:50:39 [    INFO] [sandbox.py:597] 🔒 Compilando código em modo restrito...
2025-10-17 17:50:39 [   DEBUG] [sandbox.py:627] 🔧 Preparando ambiente de execução...
2025-10-17 17:50:39 [   DEBUG] [sandbox.py:649] ⚙️ Limites: timeout=10s, memory=200MB
2025-10-17 17:50:39 [    INFO] [sandbox.py:665] ▶️ Executando código no sandbox...
2025-10-17 17:50:39 [    INFO] [sandbox.py:374] 🔒 Limite de memória SOFT via monitoramento: 200MB (Windows/Fallback)
2025-10-17 17:50:39 [    INFO] [sandbox.py:763] ✅ Sandbox executado com sucesso em 3.01ms
2025-10-17 17:50:39 [    INFO] [sandbox.py:597] 🔒 Compilando código em modo restrito...
2025-10-17 17:50:39 [   DEBUG] [sandbox.py:627] 🔧 Preparando ambiente de execução...
2025-10-17 17:50:39 [   DEBUG] [sandbox.py:649] ⚙️ Limites: timeout=10s, memory=200MB
2025-10-17 17:50:39 [    INFO] [sandbox.py:665] ▶️ Executando código no sandbox...
2025-10-17 17:50:39 [    INFO] [sandbox.py:374] 🔒 Limite de memória SOFT via monitoramento: 200MB (Windows/Fallback)
2025-10-17 17:50:39 [   DEBUG] [sandbox.py:458] ✅ Import permitido: pandas
2025-10-17 17:50:39 [    INFO] [sandbox.py:763] ✅ Sandbox executado com sucesso em 4.01ms
2025-10-17 17:50:39 [    INFO] [sandbox.py:597] 🔒 Compilando código em modo restrito...
2025-10-17 17:50:39 [   DEBUG] [sandbox.py:627] 🔧 Preparando ambiente de execução...
2025-10-17 17:50:39 [   DEBUG] [sandbox.py:649] ⚙️ Limites: timeout=10s, memory=200MB
2025-10-17 17:50:39 [    INFO] [sandbox.py:665] ▶️ Executando código no sandbox...
2025-10-17 17:50:39 [    INFO] [sandbox.py:374] 🔒 Limite de memória SOFT via monitoramento: 200MB (Windows/Fallback)
2025-10-17 17:50:39 [   DEBUG] [sandbox.py:458] ✅ Import permitido: pandas
2025-10-17 17:50:39 [    INFO] [sandbox.py:763] ✅ Sandbox executado com sucesso em 5.00ms
2025-10-17 17:50:39 [    INFO] [sandbox.py:597] 🔒 Compilando código em modo restrito...
2025-10-17 17:50:39 [   DEBUG] [sandbox.py:627] 🔧 Preparando ambiente de execução...
2025-10-17 17:50:39 [   DEBUG] [sandbox.py:649] ⚙️ Limites: timeout=10s, memory=200MB
2025-10-17 17:50:39 [    INFO] [sandbox.py:665] ▶️ Executando código no sandbox...
2025-10-17 17:50:39 [    INFO] [sandbox.py:374] 🔒 Limite de memória SOFT via monitoramento: 200MB (Windows/Fallback)
2025-10-17 17:50:39 [   DEBUG] [sandbox.py:458] ✅ Import permitido: pandas
2025-10-17 17:50:39 [    INFO] [sandbox.py:763] ✅ Sandbox executado com sucesso em 6.00ms
2025-10-17 17:50:39 [    INFO] [sandbox.py:597] 🔒 Compilando código em modo restrito...
2025-10-17 17:50:39 [   DEBUG] [sandbox.py:627] 🔧 Preparando ambiente de execução...
2025-10-17 17:50:39 [   DEBUG] [sandbox.py:649] ⚙️ Limites: timeout=10s, memory=200MB
2025-10-17 17:50:39 [    INFO] [sandbox.py:665] ▶️ Executando código no sandbox...
2025-10-17 17:50:39 [    INFO] [sandbox.py:374] 🔒 Limite de memória SOFT via monitoramento: 200MB (Windows/Fallback)
2025-10-17 17:50:39 [   DEBUG] [sandbox.py:458] ✅ Import permitido: pandas
2025-10-17 17:50:39 [    INFO] [sandbox.py:763] ✅ Sandbox executado com sucesso em 9.00ms
2025-10-17 17:50:39 [    INFO] [sandbox.py:597] 🔒 Compilando código em modo restrito...
2025-10-17 17:50:39 [   DEBUG] [sandbox.py:627] 🔧 Preparando ambiente de execução...
2025-10-17 17:50:39 [   DEBUG] [sandbox.py:649] ⚙️ Limites: timeout=10s, memory=200MB
2025-10-17 17:50:39 [    INFO] [sandbox.py:665] ▶️ Executando código no sandbox...
2025-10-17 17:50:39 [    INFO] [sandbox.py:374] 🔒 Limite de memória SOFT via monitoramento: 200MB (Windows/Fallback)
2025-10-17 17:50:39 [   DEBUG] [sandbox.py:458] ✅ Import permitido: pandas
2025-10-17 17:50:39 [    INFO] [sandbox.py:763] ✅ Sandbox executado com sucesso em 10.01ms
2025-10-17 17:50:39 [    INFO] [sandbox.py:597] 🔒 Compilando código em modo restrito...
2025-10-17 17:50:39 [   DEBUG] [sandbox.py:627] 🔧 Preparando ambiente de execução...
2025-10-17 17:50:39 [   DEBUG] [sandbox.py:632] 🔧 Injetando 1 variável(is) customizada(s)
2025-10-17 17:50:39 [   DEBUG] [sandbox.py:649] ⚙️ Limites: timeout=10s, memory=200MB
2025-10-17 17:50:39 [    INFO] [sandbox.py:665] ▶️ Executando código no sandbox...
2025-10-17 17:50:39 [    INFO] [sandbox.py:374] 🔒 Limite de memória SOFT via monitoramento: 200MB (Windows/Fallback)
2025-10-17 17:50:39 [    INFO] [sandbox.py:763] ✅ Sandbox executado com sucesso em 3.00ms
2025-10-17 17:50:39 [    INFO] [sandbox.py:597] 🔒 Compilando código em modo restrito...
2025-10-17 17:50:39 [   DEBUG] [sandbox.py:627] 🔧 Preparando ambiente de execução...
2025-10-17 17:50:39 [   DEBUG] [sandbox.py:649] ⚙️ Limites: timeout=10s, memory=200MB
2025-10-17 17:50:39 [    INFO] [sandbox.py:665] ▶️ Executando código no sandbox...
2025-10-17 17:50:39 [    INFO] [sandbox.py:374] 🔒 Limite de memória SOFT via monitoramento: 200MB (Windows/Fallback)
2025-10-17 17:50:39 [   DEBUG] [sandbox.py:458] ✅ Import permitido: numpy
2025-10-17 17:50:39 [    INFO] [sandbox.py:763] ✅ Sandbox executado com sucesso em 4.00ms
2025-10-17 17:50:39 [    INFO] [sandbox.py:597] 🔒 Compilando código em modo restrito...
2025-10-17 17:50:39 [   DEBUG] [sandbox.py:627] 🔧 Preparando ambiente de execução...
2025-10-17 17:50:39 [   DEBUG] [sandbox.py:649] ⚙️ Limites: timeout=10s, memory=200MB
2025-10-17 17:50:39 [    INFO] [sandbox.py:665] ▶️ Executando código no sandbox...
2025-10-17 17:50:39 [    INFO] [sandbox.py:374] 🔒 Limite de memória SOFT via monitoramento: 200MB (Windows/Fallback)
2025-10-17 17:50:39 [   DEBUG] [sandbox.py:458] ✅ Import permitido: numpy
2025-10-17 17:50:39 [    INFO] [sandbox.py:763] ✅ Sandbox executado com sucesso em 4.00ms
2025-10-17 17:50:39 [    INFO] [sandbox.py:597] 🔒 Compilando código em modo restrito...
2025-10-17 17:50:39 [   DEBUG] [sandbox.py:627] 🔧 Preparando ambiente de execução...
2025-10-17 17:50:39 [   DEBUG] [sandbox.py:649] ⚙️ Limites: timeout=10s, memory=200MB
2025-10-17 17:50:39 [    INFO] [sandbox.py:665] ▶️ Executando código no sandbox...
2025-10-17 17:50:39 [    INFO] [sandbox.py:374] 🔒 Limite de memória SOFT via monitoramento: 200MB (Windows/Fallback)
2025-10-17 17:50:39 [   DEBUG] [sandbox.py:458] ✅ Import permitido: numpy
2025-10-17 17:50:39 [    INFO] [sandbox.py:763] ✅ Sandbox executado com sucesso em 3.99ms
2025-10-17 17:50:39 [    INFO] [sandbox.py:597] 🔒 Compilando código em modo restrito...
2025-10-17 17:50:39 [   DEBUG] [sandbox.py:627] 🔧 Preparando ambiente de execução...
2025-10-17 17:50:39 [   DEBUG] [sandbox.py:649] ⚙️ Limites: timeout=10s, memory=200MB
2025-10-17 17:50:39 [    INFO] [sandbox.py:665] ▶️ Executando código no sandbox...
2025-10-17 17:50:39 [    INFO] [sandbox.py:374] 🔒 Limite de memória SOFT via monitoramento: 200MB (Windows/Fallback)
2025-10-17 17:50:39 [   DEBUG] [sandbox.py:458] ✅ Import permitido: numpy
2025-10-17 17:50:39 [    INFO] [sandbox.py:763] ✅ Sandbox executado com sucesso em 3.00ms
2025-10-17 17:50:39 [    INFO] [sandbox.py:597] 🔒 Compilando código em modo restrito...
2025-10-17 17:50:39 [   DEBUG] [sandbox.py:627] 🔧 Preparando ambiente de execução...
2025-10-17 17:50:39 [   DEBUG] [sandbox.py:649] ⚙️ Limites: timeout=10s, memory=200MB
2025-10-17 17:50:39 [    INFO] [sandbox.py:665] ▶️ Executando código no sandbox...
2025-10-17 17:50:39 [    INFO] [sandbox.py:374] 🔒 Limite de memória SOFT via monitoramento: 200MB (Windows/Fallback)
2025-10-17 17:50:39 [   DEBUG] [sandbox.py:458] ✅ Import permitido: numpy
2025-10-17 17:50:39 [    INFO] [sandbox.py:763] ✅ Sandbox executado com sucesso em 4.00ms
2025-10-17 17:50:39 [    INFO] [sandbox.py:597] 🔒 Compilando código em modo restrito...
2025-10-17 17:50:39 [   DEBUG] [sandbox.py:627] 🔧 Preparando ambiente de execução...
2025-10-17 17:50:39 [   DEBUG] [sandbox.py:649] ⚙️ Limites: timeout=10s, memory=200MB
2025-10-17 17:50:39 [    INFO] [sandbox.py:665] ▶️ Executando código no sandbox...
2025-10-17 17:50:39 [    INFO] [sandbox.py:374] 🔒 Limite de memória SOFT via monitoramento: 200MB (Windows/Fallback)
2025-10-17 17:50:39 [   DEBUG] [sandbox.py:458] ✅ Import permitido: pandas
2025-10-17 17:50:39 [   DEBUG] [sandbox.py:458] ✅ Import permitido: numpy
2025-10-17 17:50:39 [    INFO] [sandbox.py:763] ✅ Sandbox executado com sucesso em 11.98ms
2025-10-17 17:50:39 [    INFO] [sandbox.py:597] 🔒 Compilando código em modo restrito...
2025-10-17 17:50:39 [   DEBUG] [sandbox.py:627] 🔧 Preparando ambiente de execução...
2025-10-17 17:50:39 [   DEBUG] [sandbox.py:649] ⚙️ Limites: timeout=10s, memory=200MB
2025-10-17 17:50:39 [    INFO] [sandbox.py:665] ▶️ Executando código no sandbox...
2025-10-17 17:50:39 [    INFO] [sandbox.py:374] 🔒 Limite de memória SOFT via monitoramento: 200MB (Windows/Fallback)
2025-10-17 17:50:39 [   DEBUG] [sandbox.py:458] ✅ Import permitido: pandas
2025-10-17 17:50:39 [    INFO] [sandbox.py:763] ✅ Sandbox executado com sucesso em 23.00ms
2025-10-17 17:50:39 [    INFO] [sandbox.py:597] 🔒 Compilando código em modo restrito...
2025-10-17 17:50:39 [   DEBUG] [sandbox.py:627] 🔧 Preparando ambiente de execução...
2025-10-17 17:50:39 [   DEBUG] [sandbox.py:649] ⚙️ Limites: timeout=10s, memory=200MB
2025-10-17 17:50:39 [    INFO] [sandbox.py:665] ▶️ Executando código no sandbox...
2025-10-17 17:50:39 [    INFO] [sandbox.py:374] 🔒 Limite de memória SOFT via monitoramento: 200MB (Windows/Fallback)
2025-10-17 17:50:39 [   DEBUG] [sandbox.py:458] ✅ Import permitido: pandas
2025-10-17 17:50:39 [   DEBUG] [sandbox.py:458] ✅ Import permitido: numpy
2025-10-17 17:50:39 [    INFO] [sandbox.py:763] ✅ Sandbox executado com sucesso em 15.01ms
2025-10-17 17:50:39 [    INFO] [sandbox.py:597] 🔒 Compilando código em modo restrito...
2025-10-17 17:50:39 [   DEBUG] [sandbox.py:627] 🔧 Preparando ambiente de execução...
2025-10-17 17:50:39 [   DEBUG] [sandbox.py:649] ⚙️ Limites: timeout=10s, memory=200MB
2025-10-17 17:50:39 [    INFO] [sandbox.py:665] ▶️ Executando código no sandbox...
2025-10-17 17:50:39 [    INFO] [sandbox.py:374] 🔒 Limite de memória SOFT via monitoramento: 200MB (Windows/Fallback)
2025-10-17 17:50:39 [   DEBUG] [sandbox.py:458] ✅ Import permitido: pandas
2025-10-17 17:50:39 [    INFO] [sandbox.py:763] ✅ Sandbox executado com sucesso em 2.00ms
2025-10-17 17:50:39 [    INFO] [sandbox.py:597] 🔒 Compilando código em modo restrito...
2025-10-17 17:50:39 [   DEBUG] [sandbox.py:627] 🔧 Preparando ambiente de execução...
2025-10-17 17:50:39 [   DEBUG] [sandbox.py:649] ⚙️ Limites: timeout=10s, memory=200MB
2025-10-17 17:50:39 [    INFO] [sandbox.py:665] ▶️ Executando código no sandbox...
2025-10-17 17:50:39 [    INFO] [sandbox.py:374] 🔒 Limite de memória SOFT via monitoramento: 200MB (Windows/Fallback)
2025-10-17 17:50:39 [   DEBUG] [sandbox.py:458] ✅ Import permitido: numpy
2025-10-17 17:50:39 [    INFO] [sandbox.py:763] ✅ Sandbox executado com sucesso em 3.00ms
2025-10-17 17:50:39 [    INFO] [sandbox.py:597] 🔒 Compilando código em modo restrito...
2025-10-17 17:50:39 [   DEBUG] [sandbox.py:627] 🔧 Preparando ambiente de execução...
2025-10-17 17:50:39 [   DEBUG] [sandbox.py:649] ⚙️ Limites: timeout=10s, memory=200MB
2025-10-17 17:50:39 [    INFO] [sandbox.py:665] ▶️ Executando código no sandbox...
2025-10-17 17:50:39 [    INFO] [sandbox.py:374] 🔒 Limite de memória SOFT via monitoramento: 200MB (Windows/Fallback)
2025-10-17 17:50:39 [   DEBUG] [sandbox.py:458] ✅ Import permitido: math
2025-10-17 17:50:39 [    INFO] [sandbox.py:763] ✅ Sandbox executado com sucesso em 4.32ms
2025-10-17 17:50:39 [    INFO] [sandbox.py:597] 🔒 Compilando código em modo restrito...
2025-10-17 17:50:39 [   DEBUG] [sandbox.py:627] 🔧 Preparando ambiente de execução...
2025-10-17 17:50:39 [   DEBUG] [sandbox.py:649] ⚙️ Limites: timeout=10s, memory=200MB
2025-10-17 17:50:39 [    INFO] [sandbox.py:665] ▶️ Executando código no sandbox...
2025-10-17 17:50:39 [    INFO] [sandbox.py:374] 🔒 Limite de memória SOFT via monitoramento: 200MB (Windows/Fallback)
2025-10-17 17:50:39 [   DEBUG] [sandbox.py:458] ✅ Import permitido: statistics
2025-10-17 17:50:39 [    INFO] [sandbox.py:763] ✅ Sandbox executado com sucesso em 8.28ms
2025-10-17 17:50:39 [    INFO] [sandbox.py:597] 🔒 Compilando código em modo restrito...
2025-10-17 17:50:39 [   DEBUG] [sandbox.py:627] 🔧 Preparando ambiente de execução...
2025-10-17 17:50:39 [   DEBUG] [sandbox.py:649] ⚙️ Limites: timeout=10s, memory=200MB
2025-10-17 17:50:39 [    INFO] [sandbox.py:665] ▶️ Executando código no sandbox...
2025-10-17 17:50:39 [    INFO] [sandbox.py:374] 🔒 Limite de memória SOFT via monitoramento: 200MB (Windows/Fallback)
2025-10-17 17:50:39 [   DEBUG] [sandbox.py:458] ✅ Import permitido: datetime
2025-10-17 17:50:39 [    INFO] [sandbox.py:763] ✅ Sandbox executado com sucesso em 2.81ms
2025-10-17 17:50:39 [    INFO] [sandbox.py:597] 🔒 Compilando código em modo restrito...
2025-10-17 17:50:39 [   DEBUG] [sandbox.py:627] 🔧 Preparando ambiente de execução...
2025-10-17 17:50:39 [   DEBUG] [sandbox.py:649] ⚙️ Limites: timeout=10s, memory=200MB
2025-10-17 17:50:39 [    INFO] [sandbox.py:665] ▶️ Executando código no sandbox...
2025-10-17 17:50:39 [    INFO] [sandbox.py:374] 🔒 Limite de memória SOFT via monitoramento: 200MB (Windows/Fallback)
2025-10-17 17:50:39 [   DEBUG] [sandbox.py:458] ✅ Import permitido: time
2025-10-17 17:50:39 [    INFO] [sandbox.py:763] ✅ Sandbox executado com sucesso em 3.21ms
2025-10-17 17:50:39 [    INFO] [sandbox.py:597] 🔒 Compilando código em modo restrito...
2025-10-17 17:50:39 [   DEBUG] [sandbox.py:627] 🔧 Preparando ambiente de execução...
2025-10-17 17:50:39 [   DEBUG] [sandbox.py:649] ⚙️ Limites: timeout=10s, memory=200MB
2025-10-17 17:50:39 [    INFO] [sandbox.py:665] ▶️ Executando código no sandbox...
2025-10-17 17:50:39 [    INFO] [sandbox.py:374] 🔒 Limite de memória SOFT via monitoramento: 200MB (Windows/Fallback)
2025-10-17 17:50:39 [   DEBUG] [sandbox.py:458] ✅ Import permitido: json
2025-10-17 17:50:39 [    INFO] [sandbox.py:763] ✅ Sandbox executado com sucesso em 1.89ms
2025-10-17 17:50:39 [    INFO] [sandbox.py:597] 🔒 Compilando código em modo restrito...
2025-10-17 17:50:39 [   DEBUG] [sandbox.py:627] 🔧 Preparando ambiente de execução...
2025-10-17 17:50:39 [   DEBUG] [sandbox.py:649] ⚙️ Limites: timeout=10s, memory=200MB
2025-10-17 17:50:39 [    INFO] [sandbox.py:665] ▶️ Executando código no sandbox...
2025-10-17 17:50:39 [    INFO] [sandbox.py:374] 🔒 Limite de memória SOFT via monitoramento: 200MB (Windows/Fallback)
2025-10-17 17:50:39 [   DEBUG] [sandbox.py:458] ✅ Import permitido: collections
2025-10-17 17:50:39 [    INFO] [sandbox.py:763] ✅ Sandbox executado com sucesso em 2.00ms
2025-10-17 17:50:39 [    INFO] [sandbox.py:597] 🔒 Compilando código em modo restrito...
2025-10-17 17:50:39 [   DEBUG] [sandbox.py:627] 🔧 Preparando ambiente de execução...
2025-10-17 17:50:39 [   DEBUG] [sandbox.py:649] ⚙️ Limites: timeout=10s, memory=200MB
2025-10-17 17:50:39 [    INFO] [sandbox.py:665] ▶️ Executando código no sandbox...
2025-10-17 17:50:39 [    INFO] [sandbox.py:374] 🔒 Limite de memória SOFT via monitoramento: 200MB (Windows/Fallback)
2025-10-17 17:50:39 [   DEBUG] [sandbox.py:458] ✅ Import permitido: itertools
2025-10-17 17:50:39 [    INFO] [sandbox.py:763] ✅ Sandbox executado com sucesso em 2.00ms
2025-10-17 17:50:39 [    INFO] [sandbox.py:597] 🔒 Compilando código em modo restrito...
2025-10-17 17:50:39 [   DEBUG] [sandbox.py:627] 🔧 Preparando ambiente de execução...
2025-10-17 17:50:39 [   DEBUG] [sandbox.py:649] ⚙️ Limites: timeout=10s, memory=200MB
2025-10-17 17:50:39 [    INFO] [sandbox.py:665] ▶️ Executando código no sandbox...
2025-10-17 17:50:39 [    INFO] [sandbox.py:374] 🔒 Limite de memória SOFT via monitoramento: 200MB (Windows/Fallback)
2025-10-17 17:50:39 [   DEBUG] [sandbox.py:458] ✅ Import permitido: functools
2025-10-17 17:50:39 [    INFO] [sandbox.py:763] ✅ Sandbox executado com sucesso em 3.00ms
2025-10-17 17:50:39 [    INFO] [sandbox.py:597] 🔒 Compilando código em modo restrito...
2025-10-17 17:50:39 [   DEBUG] [sandbox.py:627] 🔧 Preparando ambiente de execução...
2025-10-17 17:50:39 [   DEBUG] [sandbox.py:649] ⚙️ Limites: timeout=10s, memory=200MB
2025-10-17 17:50:39 [    INFO] [sandbox.py:665] ▶️ Executando código no sandbox...
2025-10-17 17:50:39 [    INFO] [sandbox.py:374] 🔒 Limite de memória SOFT via monitoramento: 200MB (Windows/Fallback)
2025-10-17 17:50:39 [   DEBUG] [sandbox.py:458] ✅ Import permitido: re
2025-10-17 17:50:39 [    INFO] [sandbox.py:763] ✅ Sandbox executado com sucesso em 3.00ms
2025-10-17 17:50:39 [    INFO] [sandbox.py:597] 🔒 Compilando código em modo restrito...
2025-10-17 17:50:39 [   DEBUG] [sandbox.py:627] 🔧 Preparando ambiente de execução...
2025-10-17 17:50:39 [   DEBUG] [sandbox.py:649] ⚙️ Limites: timeout=10s, memory=200MB
2025-10-17 17:50:39 [    INFO] [sandbox.py:665] ▶️ Executando código no sandbox...
2025-10-17 17:50:39 [    INFO] [sandbox.py:374] 🔒 Limite de memória SOFT via monitoramento: 200MB (Windows/Fallback)
2025-10-17 17:50:39 [   DEBUG] [sandbox.py:458] ✅ Import permitido: math
2025-10-17 17:50:39 [    INFO] [sandbox.py:763] ✅ Sandbox executado com sucesso em 4.00ms
2025-10-17 17:50:39 [    INFO] [sandbox.py:597] 🔒 Compilando código em modo restrito...
2025-10-17 17:50:39 [   DEBUG] [sandbox.py:627] 🔧 Preparando ambiente de execução...
2025-10-17 17:50:39 [   DEBUG] [sandbox.py:649] ⚙️ Limites: timeout=10s, memory=200MB
2025-10-17 17:50:39 [    INFO] [sandbox.py:665] ▶️ Executando código no sandbox...
2025-10-17 17:50:39 [    INFO] [sandbox.py:374] 🔒 Limite de memória SOFT via monitoramento: 200MB (Windows/Fallback)
2025-10-17 17:50:39 [   DEBUG] [sandbox.py:458] ✅ Import permitido: datetime
2025-10-17 17:50:39 [   DEBUG] [sandbox.py:458] ✅ Import permitido: time
2025-10-17 17:50:39 [   DEBUG] [sandbox.py:458] ✅ Import permitido: time
2025-10-17 17:50:39 [    INFO] [sandbox.py:763] ✅ Sandbox executado com sucesso em 2.98ms
2025-10-17 17:50:39 [    INFO] [sandbox.py:597] 🔒 Compilando código em modo restrito...
2025-10-17 17:50:39 [   DEBUG] [sandbox.py:627] 🔧 Preparando ambiente de execução...
2025-10-17 17:50:39 [   DEBUG] [sandbox.py:649] ⚙️ Limites: timeout=10s, memory=200MB
2025-10-17 17:50:39 [    INFO] [sandbox.py:665] ▶️ Executando código no sandbox...
2025-10-17 17:50:39 [    INFO] [sandbox.py:374] 🔒 Limite de memória SOFT via monitoramento: 200MB (Windows/Fallback)
2025-10-17 17:50:39 [   DEBUG] [sandbox.py:458] ✅ Import permitido: json
2025-10-17 17:50:39 [    INFO] [sandbox.py:763] ✅ Sandbox executado com sucesso em 6.97ms
2025-10-17 17:50:39 [    INFO] [sandbox.py:597] 🔒 Compilando código em modo restrito...
2025-10-17 17:50:39 [   DEBUG] [sandbox.py:627] 🔧 Preparando ambiente de execução...
2025-10-17 17:50:39 [   DEBUG] [sandbox.py:649] ⚙️ Limites: timeout=10s, memory=200MB
2025-10-17 17:50:39 [    INFO] [sandbox.py:665] ▶️ Executando código no sandbox...
2025-10-17 17:50:39 [    INFO] [sandbox.py:374] 🔒 Limite de memória SOFT via monitoramento: 200MB (Windows/Fallback)
2025-10-17 17:50:39 [    INFO] [sandbox.py:763] ✅ Sandbox executado com sucesso em 2.98ms
2025-10-17 17:50:39 [    INFO] [sandbox.py:597] 🔒 Compilando código em modo restrito...
2025-10-17 17:50:39 [   DEBUG] [sandbox.py:627] 🔧 Preparando ambiente de execução...
2025-10-17 17:50:39 [   DEBUG] [sandbox.py:649] ⚙️ Limites: timeout=10s, memory=200MB
2025-10-17 17:50:39 [    INFO] [sandbox.py:665] ▶️ Executando código no sandbox...
2025-10-17 17:50:39 [    INFO] [sandbox.py:374] 🔒 Limite de memória SOFT via monitoramento: 200MB (Windows/Fallback)
2025-10-17 17:50:39 [    INFO] [sandbox.py:763] ✅ Sandbox executado com sucesso em 2.99ms
2025-10-17 17:50:39 [    INFO] [sandbox.py:597] 🔒 Compilando código em modo restrito...
2025-10-17 17:50:39 [   DEBUG] [sandbox.py:627] 🔧 Preparando ambiente de execução...
2025-10-17 17:50:39 [   DEBUG] [sandbox.py:649] ⚙️ Limites: timeout=10s, memory=200MB
2025-10-17 17:50:39 [    INFO] [sandbox.py:665] ▶️ Executando código no sandbox...
2025-10-17 17:50:39 [    INFO] [sandbox.py:374] 🔒 Limite de memória SOFT via monitoramento: 200MB (Windows/Fallback)
2025-10-17 17:50:39 [   ERROR] [sandbox.py:793] ❌ Erro durante execução: NameError: __build_class__ not found
Traceback (most recent call last):
  File "C:\workstashion\eda-aiminds-i2a2-rb\src\security\sandbox.py", line 225, in execution_timeout
    old_handler = signal.signal(signal.SIGALRM, timeout_handler)
                                ^^^^^^^^^^^^^^
AttributeError: module 'signal' has no attribute 'SIGALRM'. Did you mean: 'SIGABRT'?

During handling of the above exception, another exception occurred:

Traceback (most recent call last):
  File "C:\workstashion\eda-aiminds-i2a2-rb\src\security\sandbox.py", line 677, in execute_in_sandbox
    exec(byte_code, safe_env, local_namespace)
  File "<sandbox>", line 1, in <module>
NameError: __build_class__ not found

2025-10-17 17:50:39 [    INFO] [sandbox.py:597] 🔒 Compilando código em modo restrito...
2025-10-17 17:50:39 [   DEBUG] [sandbox.py:627] 🔧 Preparando ambiente de execução...
2025-10-17 17:50:39 [   DEBUG] [sandbox.py:649] ⚙️ Limites: timeout=10s, memory=200MB
2025-10-17 17:50:39 [    INFO] [sandbox.py:665] ▶️ Executando código no sandbox...
2025-10-17 17:50:39 [    INFO] [sandbox.py:374] 🔒 Limite de memória SOFT via monitoramento: 200MB (Windows/Fallback)
2025-10-17 17:50:39 [   ERROR] [sandbox.py:793] ❌ Erro durante execução: NameError: name 'factorial' is not defined
Traceback (most recent call last):
  File "C:\workstashion\eda-aiminds-i2a2-rb\src\security\sandbox.py", line 225, in execution_timeout
    old_handler = signal.signal(signal.SIGALRM, timeout_handler)
                                ^^^^^^^^^^^^^^
AttributeError: module 'signal' has no attribute 'SIGALRM'. Did you mean: 'SIGABRT'?

During handling of the above exception, another exception occurred:

Traceback (most recent call last):
  File "C:\workstashion\eda-aiminds-i2a2-rb\src\security\sandbox.py", line 677, in execute_in_sandbox
    exec(byte_code, safe_env, local_namespace)
  File "<sandbox>", line 7, in <module>
  File "<sandbox>", line 5, in factorial
NameError: name 'factorial' is not defined

2025-10-17 17:50:39 [ WARNING] [python.py:17] Python REPL can execute arbitrary code. Use with caution.
